2024-11-12 15:48:53,293 - INFO - ===>using lr_scheduler
2024-11-12 16:11:50,045 - INFO - Topic 0: sahak turkish kurds extermination serdar homeland turkey massacres villages greece
2024-11-12 16:11:50,047 - INFO - Topic 1: cds georgia johns duke rochester champaign polytechnic anthony hopkins mary
2024-11-12 16:11:50,048 - INFO - Topic 2: suck taste viewer cursor foods supplies sensitivity pascal jake sox
2024-11-12 16:11:50,049 - INFO - Topic 3: wires neutral detectors fuel voltage henry ground radar water discharge
2024-11-12 16:11:50,051 - INFO - Topic 4: jpeg byte bytes bits images image file format dos windows
2024-11-12 16:11:50,052 - INFO - Topic 5: telnet modems baud backup download upgrade dial pgp repost summarize
2024-11-12 16:11:50,053 - INFO - Topic 6: lebanese israels israelis palestinians arabs palestine israeli arab andi bosnians
2024-11-12 16:11:50,054 - INFO - Topic 7: eisa finland austria cell simm arbor atf helsinki requests tcp
2024-11-12 16:11:50,056 - INFO - Topic 8: pub anonymous widget motif widgets servers cryptography interactive eff server
2024-11-12 16:11:50,057 - INFO - Topic 9: cubs espn baseball dog beast scores philadelphia football giants cincinnati
2024-11-12 16:11:50,058 - INFO - Topic 10: font fonts xlib dakota xview libraries hst imaging iisi readme
2024-11-12 16:11:50,060 - INFO - Topic 11: escrow wiretap encrypted dorothy toal clipper crypto phones nsa trusted
2024-11-12 16:11:50,061 - INFO - Topic 12: bike yamaha durham covington bikes victoria oak biker dividian petaluma
2024-11-12 16:11:50,062 - INFO - Topic 13: printer walker phillies tapped jay joy yankees jpl grateful burns
2024-11-12 16:11:50,064 - INFO - Topic 14: swap richardson elizabeth buttons mailer languages anatolia bulletin briefly pricing
2024-11-12 16:11:50,065 - INFO - Topic 15: batf arras davidians tear serbs landed blast clintons grenades fires
2024-11-12 16:11:50,067 - INFO - Topic 16: helmet riders honda rear motorcycles steering brakes wheel ama toyota
2024-11-12 16:11:50,068 - INFO - Topic 17: air bmw animation dod motorcycle pop calif museum locations locate
2024-11-12 16:11:50,069 - INFO - Topic 18: malcolm loves dreams brains butt loving souls reminds rogers hearts
2024-11-12 16:11:50,070 - INFO - Topic 19: reserve islamic tourist stratus waco terrorist cunixbcccolumbiaedu posts servicing grief
2024-11-12 16:11:50,072 - INFO - Topic 20: flyers nhl leafs sharks playoffs goalie hockey coach pens blues
2024-11-12 16:11:50,073 - INFO - Topic 21: battery southern batteries electric reagan election noisy howard royal twin
2024-11-12 16:11:50,074 - INFO - Topic 22: jesus resurrection bible christ church messiah holy pope spirit passage
2024-11-12 16:11:50,075 - INFO - Topic 23: max cliff lib icons bmp icon openwindows motif sparc rgb
2024-11-12 16:11:50,077 - INFO - Topic 24: vram vga ati vesa svga irq simms fpu monitor centris
2024-11-12 16:11:50,078 - INFO - Topic 25: italy fled row livni survivors atrocities egypt turks lebanon germans
2024-11-12 16:11:50,079 - INFO - Topic 26: captain pain exhaust derek armenia lock sunos rushdie ian muscle
2024-11-12 16:11:50,081 - INFO - Topic 27: atheism christianity islam atheist christians god religion atheists believer bible
2024-11-12 16:11:50,082 - INFO - Topic 28: gay chronic partners syndrome male diagnosed shoulder neck cop therapy
2024-11-12 16:11:50,083 - INFO - Topic 29: stream output entry widget lib null remark string judges define
2024-11-12 16:11:50,084 - INFO - Topic 30: bos islanders overtime standings pit nhl playoff calgary champs finals
2024-11-12 16:11:50,086 - INFO - Topic 31: tiff telecommunications shareware sandvik ross bandwidth approx msdos gregg proprietary
2024-11-12 16:11:50,087 - INFO - Topic 32: compuserve privacy sessions access online communication networking identity unix internet
2024-11-12 16:11:50,088 - INFO - Topic 33: stereo speakers obo disks offer tone factory portable bag items
2024-11-12 16:11:50,089 - INFO - Topic 34: printers manuals netherlands sale custom discount packages kit terminal shipped
2024-11-12 16:11:50,091 - INFO - Topic 35: voltage analog hook audio wires switching output input discharge signal
2024-11-12 16:11:50,092 - INFO - Topic 36: diamond duo solntzewpdsgicom koresh cult driver canon shaped bull shadow
2024-11-12 16:11:50,093 - INFO - Topic 37: radius timer width pointer luis tube bitmap convex forsale reset
2024-11-12 16:11:50,094 - INFO - Topic 38: atmosphere mars orbit lunar orbital shuttle observatory funding planetary solar
2024-11-12 16:11:50,095 - INFO - Topic 39: shaft linked massacre village doctrines chen socialist doctrine fate ruling
2024-11-12 16:11:50,097 - INFO - Topic 40: scsi ide jumper controller bios drives isa jumpers slave drive
2024-11-12 16:11:50,098 - INFO - Topic 41: xxdate useragent nuntius xxmessage csutexasedu cookamunga ksand alink lciii logo
2024-11-12 16:11:50,100 - INFO - Topic 42: msg patients physician diet chinese disease researchers adults clinic health
2024-11-12 16:11:50,101 - INFO - Topic 43: penn appreciated joel ncr temple wondering theodore apostles benedikt wasted
2024-11-12 16:11:50,102 - INFO - Topic 44: firearm militia handguns firearms rifles possession nra amendment enforce guns
2024-11-12 16:11:50,103 - INFO - Topic 45: car engine detector cars presentation roger maryland sports manufactured models
2024-11-12 16:11:50,104 - INFO - Topic 46: shameful chastity intellect banks skepticism gordon surrender pittsburgh trinity prayer
2024-11-12 16:11:50,106 - INFO - Topic 47: morality cramer schneider species objective homosexuals clayton subjective moral atheists
2024-11-12 16:11:50,107 - INFO - Topic 48: pitching braves pitches mets walks morris outs fischer players seasons
2024-11-12 16:11:50,108 - INFO - Topic 49: azerbaijan armenians neighbors armenian neighbor threw woman went davidian afraid
2024-11-12 16:11:50,114 - INFO - Topic 0: sahak turkish kurds extermination serdar homeland turkey massacres villages greece moslem lands ethnic empire armenian
2024-11-12 16:11:50,115 - INFO - Topic 1: cds georgia johns duke rochester champaign polytechnic anthony hopkins mary freshman cancer genocide psychology carnegie
2024-11-12 16:11:50,117 - INFO - Topic 2: suck taste viewer cursor foods supplies sensitivity pascal jake sox lean gui mirrors processes menu
2024-11-12 16:11:50,118 - INFO - Topic 3: wires neutral detectors fuel voltage henry ground radar water discharge oil wiring plastic engines rockets
2024-11-12 16:11:50,119 - INFO - Topic 4: jpeg byte bytes bits images image file format dos windows disk files display compressed viewing
2024-11-12 16:11:50,120 - INFO - Topic 5: telnet modems baud backup download upgrade dial pgp repost summarize fidonet copying automotive ads password
2024-11-12 16:11:50,122 - INFO - Topic 6: lebanese israels israelis palestinians arabs palestine israeli arab andi bosnians territories redundancy israel gulf civilians
2024-11-12 16:11:50,123 - INFO - Topic 7: eisa finland austria cell simm arbor atf helsinki requests tcp norway ann cells gerald felix
2024-11-12 16:11:50,124 - INFO - Topic 8: pub anonymous widget motif widgets servers cryptography interactive eff server images interface archives objects sgi
2024-11-12 16:11:50,125 - INFO - Topic 9: cubs espn baseball dog beast scores philadelphia football giants cincinnati arena rutgers milwaukee kansas baltimore
2024-11-12 16:11:50,127 - INFO - Topic 10: font fonts xlib dakota xview libraries hst imaging iisi readme alt zip omissions ticket upgraded
2024-11-12 16:11:50,128 - INFO - Topic 11: escrow wiretap encrypted dorothy toal clipper crypto phones nsa trusted voluntary enforcement secure initiative acquire
2024-11-12 16:11:50,129 - INFO - Topic 12: bike yamaha durham covington bikes victoria oak biker dividian petaluma boots beleive thompson kingston mormons
2024-11-12 16:11:50,130 - INFO - Topic 13: printer walker phillies tapped jay joy yankees jpl grateful burns curtis awesome stevens fools vacuum
2024-11-12 16:11:50,132 - INFO - Topic 14: swap richardson elizabeth buttons mailer languages anatolia bulletin briefly pricing span screens tony translated giant
2024-11-12 16:11:50,133 - INFO - Topic 15: batf arras davidians tear serbs landed blast clintons grenades fires murders presidents tanks assault senate
2024-11-12 16:11:50,134 - INFO - Topic 16: helmet riders honda rear motorcycles steering brakes wheel ama toyota wheels lane parking bird cylinder
2024-11-12 16:11:50,135 - INFO - Topic 17: air bmw animation dod motorcycle pop calif museum locations locate art norris priced amongst separately
2024-11-12 16:11:50,136 - INFO - Topic 18: malcolm loves dreams brains butt loving souls reminds rogers hearts cares warm harris loose remind
2024-11-12 16:11:50,138 - INFO - Topic 19: reserve islamic tourist stratus waco terrorist cunixbcccolumbiaedu posts servicing grief muslim eye inet newsgroup lehigh
2024-11-12 16:11:50,139 - INFO - Topic 20: flyers nhl leafs sharks playoffs goalie hockey coach pens blues players season playoff teams bruins
2024-11-12 16:11:50,140 - INFO - Topic 21: battery southern batteries electric reagan election noisy howard royal twin cleansing racist employed occupation nazis
2024-11-12 16:11:50,141 - INFO - Topic 22: jesus resurrection bible christ church messiah holy pope spirit passage god sin christians sins divine
2024-11-12 16:11:50,143 - INFO - Topic 23: max cliff lib icons bmp icon openwindows motif sparc rgb graphic displaying window patch aix
2024-11-12 16:11:50,144 - INFO - Topic 24: vram vga ati vesa svga irq simms fpu monitor centris video card com ports quadra
2024-11-12 16:11:50,145 - INFO - Topic 25: italy fled row livni survivors atrocities egypt turks lebanon germans resolutions crisis bosnia britain minister
2024-11-12 16:11:50,146 - INFO - Topic 26: captain pain exhaust derek armenia lock sunos rushdie ian muscle alex chest rosenau sucks leg
2024-11-12 16:11:50,148 - INFO - Topic 27: atheism christianity islam atheist christians god religion atheists believer bible beliefs theists belief faith christian
2024-11-12 16:11:50,149 - INFO - Topic 28: gay chronic partners syndrome male diagnosed shoulder neck cop therapy treating infection boring champion amusing
2024-11-12 16:11:50,150 - INFO - Topic 29: stream output entry widget lib null remark string judges define widgets file window remarks exit
2024-11-12 16:11:50,151 - INFO - Topic 30: bos islanders overtime standings pit nhl playoff calgary champs finals hawks bruins hockey leafs cal
2024-11-12 16:11:50,152 - INFO - Topic 31: tiff telecommunications shareware sandvik ross bandwidth approx msdos gregg proprietary slip extensions yugoslavia delay palestinian
2024-11-12 16:11:50,154 - INFO - Topic 32: compuserve privacy sessions access online communication networking identity unix internet electronic technological communications policies federal
2024-11-12 16:11:50,155 - INFO - Topic 33: stereo speakers obo disks offer tone factory portable bag items shipping pays ext speaker ups
2024-11-12 16:11:50,156 - INFO - Topic 34: printers manuals netherlands sale custom discount packages kit terminal shipped tape sells spelling beta shack
2024-11-12 16:11:50,157 - INFO - Topic 35: voltage analog hook audio wires switching output input discharge signal balanced amp wave components noise
2024-11-12 16:11:50,159 - INFO - Topic 36: diamond duo solntzewpdsgicom koresh cult driver canon shaped bull shadow clarke launch turner herein beam
2024-11-12 16:11:50,160 - INFO - Topic 37: radius timer width pointer luis tube bitmap convex forsale reset map curve depth keith bnr
2024-11-12 16:11:50,161 - INFO - Topic 38: atmosphere mars orbit lunar orbital shuttle observatory funding planetary solar thermal tracking rockets observer rocket
2024-11-12 16:11:50,162 - INFO - Topic 39: shaft linked massacre village doctrines chen socialist doctrine fate ruling supreme lobby kills saint representatives
2024-11-12 16:11:50,164 - INFO - Topic 40: scsi ide jumper controller bios drives isa jumpers slave drive quantum disk bus boot motherboard
2024-11-12 16:11:50,165 - INFO - Topic 41: xxdate useragent nuntius xxmessage csutexasedu cookamunga ksand alink lciii logo enterpoopmitedu xterm postscript rocketswstratuscom married
2024-11-12 16:11:50,166 - INFO - Topic 42: msg patients physician diet chinese disease researchers adults clinic health excessive food reactions findings surgery
2024-11-12 16:11:50,167 - INFO - Topic 43: penn appreciated joel ncr temple wondering theodore apostles benedikt wasted clarify wasting lord duck arthur
2024-11-12 16:11:50,169 - INFO - Topic 44: firearm militia handguns firearms rifles possession nra amendment enforce guns weapons assault weapon tennessee violent
2024-11-12 16:11:50,170 - INFO - Topic 45: car engine detector cars presentation roger maryland sports manufactured models taylor model brand propulsion addresses
2024-11-12 16:11:50,171 - INFO - Topic 46: shameful chastity intellect banks skepticism gordon surrender pittsburgh trinity prayer speculation jewish fuck absurd condemn
2024-11-12 16:11:50,172 - INFO - Topic 47: morality cramer schneider species objective homosexuals clayton subjective moral atheists mutual proving sexual ethics pretend
2024-11-12 16:11:50,173 - INFO - Topic 48: pitching braves pitches mets walks morris outs fischer players seasons wins season hitting stadium team
2024-11-12 16:11:50,175 - INFO - Topic 49: azerbaijan armenians neighbors armenian neighbor threw woman went davidian afraid husband walked awful lived door
2024-11-12 16:11:50,189 - INFO - TD_10: 0.96000
2024-11-12 16:11:50,192 - INFO - TD_15: 0.93067
2024-11-12 16:11:50,202 - INFO - NMI: 0.5606469073855822
2024-11-12 16:11:50,203 - INFO - Purity: 0.5835103558151885
