2024-11-12 18:51:51,130 - INFO - ===>using lr_scheduler
2024-11-12 19:12:38,129 - INFO - Topic 0: orbit spacecraft servicing atmosphere jpl lunar observatory launch shuttle satellites
2024-11-12 19:12:38,131 - INFO - Topic 1: athens georgia cds cancer johns duke rochester mary anthony louisiana
2024-11-12 19:12:38,132 - INFO - Topic 2: foods taste sensitivity pitcher ears viewer biology sox gui locks
2024-11-12 19:12:38,133 - INFO - Topic 3: brakes tire wheels lane tires auto cars car brake roads
2024-11-12 19:12:38,135 - INFO - Topic 4: wire neutral voltage wiring discharge plastic fuel nuclear nec connections
2024-11-12 19:12:38,136 - INFO - Topic 5: modem modems baud telnet upgrade download dial backup warranty repost
2024-11-12 19:12:38,138 - INFO - Topic 6: theists belief god faith assert believer bible contradiction atheism explaining
2024-11-12 19:12:38,139 - INFO - Topic 7: austria finland eisa arbor simm norway cell helsinki ann cells
2024-11-12 19:12:38,141 - INFO - Topic 8: scsi ide bios controller drives disk linked feature interface drive
2024-11-12 19:12:38,143 - INFO - Topic 9: livesey homosexuality rushdie homosexual islam morality schneider islamic marriage homosexuals
2024-11-12 19:12:38,144 - INFO - Topic 10: max cliff dakota vesa iisi hst fonts xlib libraries xview
2024-11-12 19:12:38,146 - INFO - Topic 11: escrow wiretap encryption dorothy clipper phones triple paranoia voluntary hackers
2024-11-12 19:12:38,147 - INFO - Topic 12: yamaha durham boots bikes petaluma dividian allan carolina kingston beleive
2024-11-12 19:12:38,148 - INFO - Topic 13: advance appreciated grateful appreciate thanks brookline jay wondering curtis help
2024-11-12 19:12:38,150 - INFO - Topic 14: output contrib stream entry null remark pub rsa input file
2024-11-12 19:12:38,151 - INFO - Topic 15: philadelphia newspapers clintons dare arab francisco politicians initiative peaceful bills
2024-11-12 19:12:38,152 - INFO - Topic 16: det puck flyers cal que nhl leafs sabres penalties goalie
2024-11-12 19:12:38,154 - INFO - Topic 17: art appears pop magnitude calif locate animation ascii priced utilities
2024-11-12 19:12:38,155 - INFO - Topic 18: malcolm brains dreams loves reminds harris hearts nuts liberty rogers
2024-11-12 19:12:38,156 - INFO - Topic 19: batf arras waco davidians tear landed investors mutual murders witnesses
2024-11-12 19:12:38,157 - INFO - Topic 20: innings batting morris outs fischer braves defensive offense players baseball
2024-11-12 19:12:38,159 - INFO - Topic 21: battery batteries noisy quadra royal cleansing vlb southern reagan planets
2024-11-12 19:12:38,160 - INFO - Topic 22: jesus apostles christs resurrection sins romans testament christ teaches bible
2024-11-12 19:12:38,161 - INFO - Topic 23: van bos thursday wednesday tuesday sunday monday friday saturday nights
2024-11-12 19:12:38,163 - INFO - Topic 24: mouse vga colors screen monitor color video monitors drivers svga
2024-11-12 19:12:38,164 - INFO - Topic 25: italy fled livni france atrocities row britain recognition minister egypt
2024-11-12 19:12:38,165 - INFO - Topic 26: bike motorcycle dod ride riding helmet bmw msg dog drinking
2024-11-12 19:12:38,166 - INFO - Topic 27: lebanese gaza palestinians israelis israels arabs palestine israeli israel redundancy
2024-11-12 19:12:38,168 - INFO - Topic 28: syndrome chronic diagnosed infection treatment therapy neck treating shoulder partners
2024-11-12 19:12:38,169 - INFO - Topic 29: findings centers adults infections researchers relating comprehensive administration editorial united
2024-11-12 19:12:38,170 - INFO - Topic 30: toyota dealer radar saturn car detectors pricing ford air cars
2024-11-12 19:12:38,172 - INFO - Topic 31: tiff gregg ross bandwidth slip approx shareware sandvik ltd temporary
2024-11-12 19:12:38,173 - INFO - Topic 32: privacy compuserve identity cryptography scicrypt internet sessions unix networking communication
2024-11-12 19:12:38,174 - INFO - Topic 33: lib widget window motif contrib dialog font clients client toolkit
2024-11-12 19:12:38,176 - INFO - Topic 34: sale shipping manuals offer condition excellent asking netherlands sells discount
2024-11-12 19:12:38,177 - INFO - Topic 35: fpu vram irq intel powerbook amiga nyx macs socket ati
2024-11-12 19:12:38,178 - INFO - Topic 36: duo solntzewpdsgicom abc turner cult bull shaped herein cnn pit
2024-11-12 19:12:38,180 - INFO - Topic 37: radius bitmap tube telescope luis width timer pointer mars forsale
2024-11-12 19:12:38,181 - INFO - Topic 38: militia firearms amendment guns weapon tennessee weapons violent deaths assault
2024-11-12 19:12:38,182 - INFO - Topic 39: stadium massacre chen appearance fate surrounding salvation doctrines girls village
2024-11-12 19:12:38,183 - INFO - Topic 40: simms scsi motherboard isa ram meg mhz cpu ethernet ide
2024-11-12 19:12:38,185 - INFO - Topic 41: nuntius useragent xxdate xxmessage csutexasedu cookamunga ksand alink xterm lciii
2024-11-12 19:12:38,186 - INFO - Topic 42: stereo obo audio receiver voltage analog channel antenna channels tone
2024-11-12 19:12:38,187 - INFO - Topic 43: espn suck captain traded cubs rangers pens bruins jets penguins
2024-11-12 19:12:38,189 - INFO - Topic 44: armenians azerbaijan father armenian daughter woman davidian serbs husband armenia
2024-11-12 19:12:38,190 - INFO - Topic 45: june presentation maryland brand manufactured taylor dec wilson acceptance abstract
2024-11-12 19:12:38,191 - INFO - Topic 46: chastity shameful intellect skepticism banks gordon surrender pittsburgh absurd trinity
2024-11-12 19:12:38,193 - INFO - Topic 47: anatolia extermination serdar homeland massacres turkish turkey armenia empire villages
2024-11-12 19:12:38,194 - INFO - Topic 48: bmp dos windows font icons icon desktop sparc adobe openwindows
2024-11-12 19:12:38,196 - INFO - Topic 49: existance contradict inclined sacrifice messiah pope judaism insane orthodox likewise
2024-11-12 19:12:38,202 - INFO - Topic 0: orbit spacecraft servicing atmosphere jpl lunar observatory launch shuttle satellites delta satellite solar henry giant
2024-11-12 19:12:38,204 - INFO - Topic 1: athens georgia cds cancer johns duke rochester mary anthony louisiana hopkins psychology copies polytechnic yale
2024-11-12 19:12:38,205 - INFO - Topic 2: foods taste sensitivity pitcher ears viewer biology sox gui locks usable skin jake processes supplies
2024-11-12 19:12:38,207 - INFO - Topic 3: brakes tire wheels lane tires auto cars car brake roads rear shift wear automatic bike
2024-11-12 19:12:38,208 - INFO - Topic 4: wire neutral voltage wiring discharge plastic fuel nuclear nec connections cycle water cleaning degrees circuit
2024-11-12 19:12:38,209 - INFO - Topic 5: modem modems baud telnet upgrade download dial backup warranty repost fidonet pgp rumor copying static
2024-11-12 19:12:38,211 - INFO - Topic 6: theists belief god faith assert believer bible contradiction atheism explaining atheists truth philosophical beings absence
2024-11-12 19:12:38,212 - INFO - Topic 7: austria finland eisa arbor simm norway cell helsinki ann cells atf bps rec felix comp
2024-11-12 19:12:38,213 - INFO - Topic 8: scsi ide bios controller drives disk linked feature interface drive rom quantum bytes heads boot
2024-11-12 19:12:38,215 - INFO - Topic 9: livesey homosexuality rushdie homosexual islam morality schneider islamic marriage homosexuals tourist beast cramer sexual orientation
2024-11-12 19:12:38,216 - INFO - Topic 10: max cliff dakota vesa iisi hst fonts xlib libraries xview readme omissions upgraded zip compile
2024-11-12 19:12:38,217 - INFO - Topic 11: escrow wiretap encryption dorothy clipper phones triple paranoia voluntary hackers tapped des rsa transmitted feds
2024-11-12 19:12:38,219 - INFO - Topic 12: yamaha durham boots bikes petaluma dividian allan carolina kingston beleive biker beaverton thompson maynard victoria
2024-11-12 19:12:38,220 - INFO - Topic 13: advance appreciated grateful appreciate thanks brookline jay wondering curtis help awesome advice phillies printer edit
2024-11-12 19:12:38,222 - INFO - Topic 14: output contrib stream entry null remark pub rsa input file format widget jpeg image platforms
2024-11-12 19:12:38,223 - INFO - Topic 15: philadelphia newspapers clintons dare arab francisco politicians initiative peaceful bills sincerely reporting blast kurds stockholm
2024-11-12 19:12:38,225 - INFO - Topic 16: det puck flyers cal que nhl leafs sabres penalties goalie playoffs hawks pitt hockey season
2024-11-12 19:12:38,226 - INFO - Topic 17: art appears pop magnitude calif locate animation ascii priced utilities locations amongst norris apologies suns
2024-11-12 19:12:38,228 - INFO - Topic 18: malcolm brains dreams loves reminds harris hearts nuts liberty rogers firmly warm loose wishes butt
2024-11-12 19:12:38,229 - INFO - Topic 19: batf arras waco davidians tear landed investors mutual murders witnesses fires suicide relate escaped stratus
2024-11-12 19:12:38,230 - INFO - Topic 20: innings batting morris outs fischer braves defensive offense players baseball mets season wins rotation cubs
2024-11-12 19:12:38,232 - INFO - Topic 21: battery batteries noisy quadra royal cleansing vlb southern reagan planets racist fascist occupation employed howard
2024-11-12 19:12:38,234 - INFO - Topic 22: jesus apostles christs resurrection sins romans testament christ teaches bible spirit righteous god sin texts
2024-11-12 19:12:38,235 - INFO - Topic 23: van bos thursday wednesday tuesday sunday monday friday saturday nights kevin lobby kelly votes warned
2024-11-12 19:12:38,236 - INFO - Topic 24: mouse vga colors screen monitor color video monitors drivers svga jpeg windows card mode motion
2024-11-12 19:12:38,238 - INFO - Topic 25: italy fled livni france atrocities row britain recognition minister egypt condemned lebanon joined crimes tragedy
2024-11-12 19:12:38,240 - INFO - Topic 26: bike motorcycle dod ride riding helmet bmw msg dog drinking shaft dogs chinese insurance food
2024-11-12 19:12:38,241 - INFO - Topic 27: lebanese gaza palestinians israelis israels arabs palestine israeli israel redundancy territories gulf jews civilians villages
2024-11-12 19:12:38,242 - INFO - Topic 28: syndrome chronic diagnosed infection treatment therapy neck treating shoulder partners riders male aids devils cage
2024-11-12 19:12:38,244 - INFO - Topic 29: findings centers adults infections researchers relating comprehensive administration editorial united congress gore chair identified president
2024-11-12 19:12:38,245 - INFO - Topic 30: toyota dealer radar saturn car detectors pricing ford air cars consumer lehigh bag automobile interior
2024-11-12 19:12:38,246 - INFO - Topic 31: tiff gregg ross bandwidth slip approx shareware sandvik ltd temporary proprietary vax yugoslavia msdos australia
2024-11-12 19:12:38,248 - INFO - Topic 32: privacy compuserve identity cryptography scicrypt internet sessions unix networking communication electronic security jeffrey directories messages
2024-11-12 19:12:38,249 - INFO - Topic 33: lib widget window motif contrib dialog font clients client toolkit openwindows server null sunos display
2024-11-12 19:12:38,251 - INFO - Topic 34: sale shipping manuals offer condition excellent asking netherlands sells discount packages shipped printers selling cover
2024-11-12 19:12:38,252 - INFO - Topic 35: fpu vram irq intel powerbook amiga nyx macs socket ati upgrading rgb melbourne gateway floppies
2024-11-12 19:12:38,254 - INFO - Topic 36: duo solntzewpdsgicom abc turner cult bull shaped herein cnn pit koresh canon gretzky sutherland clarke
2024-11-12 19:12:38,255 - INFO - Topic 37: radius bitmap tube telescope luis width timer pointer mars forsale terry convex module inning gravity
2024-11-12 19:12:38,257 - INFO - Topic 38: militia firearms amendment guns weapon tennessee weapons violent deaths assault banned gun regulation liberties crime
2024-11-12 19:12:38,258 - INFO - Topic 39: stadium massacre chen appearance fate surrounding salvation doctrines girls village socialist delaware inspired saint invasion
2024-11-12 19:12:38,259 - INFO - Topic 40: simms scsi motherboard isa ram meg mhz cpu ethernet ide megs controller com mac bus
2024-11-12 19:12:38,261 - INFO - Topic 41: nuntius useragent xxdate xxmessage csutexasedu cookamunga ksand alink xterm lciii postscript enterpoopmitedu logo micro keith
2024-11-12 19:12:38,262 - INFO - Topic 42: stereo obo audio receiver voltage analog channel antenna channels tone input output optical ups bands
2024-11-12 19:12:38,264 - INFO - Topic 43: espn suck captain traded cubs rangers pens bruins jets penguins detroit playoff cunixbcccolumbiaedu montreal oilers
2024-11-12 19:12:38,265 - INFO - Topic 44: armenians azerbaijan father armenian daughter woman davidian serbs husband armenia standing threw physician troops lived
2024-11-12 19:12:38,267 - INFO - Topic 45: june presentation maryland brand manufactured taylor dec wilson acceptance abstract topics greece sports models hint
2024-11-12 19:12:38,268 - INFO - Topic 46: chastity shameful intellect skepticism banks gordon surrender pittsburgh absurd trinity blessed prayer pretend fuck naive
2024-11-12 19:12:38,270 - INFO - Topic 47: anatolia extermination serdar homeland massacres turkish turkey armenia empire villages armenian armenians azerbaijan lands ethnic
2024-11-12 19:12:38,271 - INFO - Topic 48: bmp dos windows font icons icon desktop sparc adobe openwindows delete screens displaying workstation champaign
2024-11-12 19:12:38,273 - INFO - Topic 49: existance contradict inclined sacrifice messiah pope judaism insane orthodox likewise ultimately believers christians fallen commit
2024-11-12 19:12:38,282 - INFO - TD_10: 0.96400
2024-11-12 19:12:38,285 - INFO - TD_15: 0.93067
2024-11-12 19:12:38,292 - INFO - NMI: 0.5562605956297875
2024-11-12 19:12:38,293 - INFO - Purity: 0.5833775889537971
2024-11-12 19:14:07,213 - INFO - TC_15: 0.44896
2024-11-12 19:14:07,214 - INFO - TC_15 list: [0.421, 0.48477, 0.41795, 0.30292, 0.39365, 0.54638, 0.38111, 0.63055, 0.48173, 0.52796, 0.43601, 0.57034, 0.51137, 0.3932, 0.44414, 0.46243, 0.58002, 0.36783, 0.37575, 0.36187, 0.53737, 0.45714, 0.49537, 0.42867, 0.42437, 0.31136, 0.44554, 0.5845, 0.39128, 0.35933, 0.40606, 0.59624, 0.37501, 0.47481, 0.39231, 0.54334, 0.51977, 0.51715, 0.35228, 0.37643, 0.50906, 0.2269, 0.55812, 0.46639, 0.38797, 0.37366, 0.54664, 0.50299, 0.41782, 0.37934]
