2024-11-12 09:59:19,288 - INFO - ===>using lr_scheduler
2024-11-12 10:53:31,621 - INFO - Topic 0: stewart jeff robert husband crime local harry detective marie henry
2024-11-12 10:53:31,622 - INFO - Topic 1: stewart robert henry harry william taylor jean fine douglas handsome
2024-11-12 10:53:31,624 - INFO - Topic 2: holly flight cliche hopper hollow airplane cabin austin flies derivative
2024-11-12 10:53:31,625 - INFO - Topic 3: beast creature stunts campy monsters lake mountain tank magical ocean
2024-11-12 10:53:31,626 - INFO - Topic 4: jane keaton caine welles eastwood shakespeare bates novels jake clint
2024-11-12 10:53:31,627 - INFO - Topic 5: disney animation animated cartoons cartoon ninja puppet game computer fox
2024-11-12 10:53:31,629 - INFO - Topic 6: kelly dance numbers rogers gene powell oliver band oscar sinatra
2024-11-12 10:53:31,630 - INFO - Topic 7: season episode episodes match series seasons show sitcom bbc opinion
2024-11-12 10:53:31,631 - INFO - Topic 8: backgrounds graphics shortcomings distribution filler occasions rank caliber relation interactions
2024-11-12 10:53:31,633 - INFO - Topic 9: superman hanks batman arnold asian trilogy adventure tom mafia villain
2024-11-12 10:53:31,634 - INFO - Topic 10: rap shelf garbage waited paint zero stores popcorn junk olds
2024-11-12 10:53:31,635 - INFO - Topic 11: nightmare lisa rachel eats holes crashes abysmal blade disgusted sat
2024-11-12 10:53:31,636 - INFO - Topic 12: khan woody sadness nancy heartfelt friendship favorites inspiring marry invited
2024-11-12 10:53:31,638 - INFO - Topic 13: japan japanese splatter motivations exploring gory tops anyways meaningful sincerely
2024-11-12 10:53:31,639 - INFO - Topic 14: black stories white jack prison told women men tells paul
2024-11-12 10:53:31,640 - INFO - Topic 15: husband marriage page anna henry passion sexual society jean handsome
2024-11-12 10:53:31,641 - INFO - Topic 16: society historical social subject religion propaganda events christian religious sexual
2024-11-12 10:53:31,643 - INFO - Topic 17: teaches book imagined teach kate learning learn beliefs ward reader
2024-11-12 10:53:31,644 - INFO - Topic 18: indian football gems greek indie thugs combine cinemas sentimental unwatchable
2024-11-12 10:53:31,645 - INFO - Topic 19: voiced designs suitable anime thread stuart hats parallel wishing trademark
2024-11-12 10:53:31,646 - INFO - Topic 20: relax mel somebody scared messages vote spoke mom emotion stayed
2024-11-12 10:53:31,648 - INFO - Topic 21: jokes funnier comedy gags unfunny laughs comedian humor hilarious funny
2024-11-12 10:53:31,649 - INFO - Topic 22: castle africa amazing thomas excellent wonderful displayed lessons south pack
2024-11-12 10:53:31,650 - INFO - Topic 23: godfather predecessor uninspired choreography childs remake visuals lackluster blah suspension
2024-11-12 10:53:31,651 - INFO - Topic 24: lou vietnam victor leonard matrix shining critic porno bravo warming
2024-11-12 10:53:31,653 - INFO - Topic 25: creepy ghost bugs pet horror demon creatures blood cat escaped
2024-11-12 10:53:31,654 - INFO - Topic 26: science alien pointless non torture aliens explain fiction dull humans
2024-11-12 10:53:31,655 - INFO - Topic 27: dinosaur gotta willis bird sean satan kidding joe wizard romp
2024-11-12 10:53:31,657 - INFO - Topic 28: episode episodes season show match sitcom shows wish wait crew
2024-11-12 10:53:31,658 - INFO - Topic 29: zombies zombie ending happened happens guy except went start supposed
2024-11-12 10:53:31,659 - INFO - Topic 30: stewart robert husband crime harry henry detective marie ann william
2024-11-12 10:53:31,660 - INFO - Topic 31: kong hong compelled difficulties banned unhappy greatly agreed illness hoped
2024-11-12 10:53:31,662 - INFO - Topic 32: vampire kills vampires alien scientist murders cops naked halloween revenge
2024-11-12 10:53:31,663 - INFO - Topic 33: seagal jackie lion dragon luke kurt empire yesterday jaws midnight
2024-11-12 10:53:31,664 - INFO - Topic 34: martial kung arts titanic metal hung shark angels nazis holocaust
2024-11-12 10:53:31,665 - INFO - Topic 35: swedish sappy streep stilted fairy exquisite simplicity angst melodramatic styles
2024-11-12 10:53:31,667 - INFO - Topic 36: liked really think maybe thought lot enjoy recommend pretty good
2024-11-12 10:53:31,668 - INFO - Topic 37: parents children child son daughter daddy grew grandfather baby grown
2024-11-12 10:53:31,669 - INFO - Topic 38: santa drew preview cable nights mexican theater cameras wolf weekend
2024-11-12 10:53:31,671 - INFO - Topic 39: religion christian society propaganda historical message religious social subject americans
2024-11-12 10:53:31,672 - INFO - Topic 40: freeman morgan murray jeremy glenn quinn adams adequate cooper stanley
2024-11-12 10:53:31,673 - INFO - Topic 41: orange spike indulgent sheen females assuming intentions digital widescreen recycled
2024-11-12 10:53:31,674 - INFO - Topic 42: segment robin dan disappointment fifth ratings version lowest teachers net
2024-11-12 10:53:31,676 - INFO - Topic 43: walken bat sucked karate acid shouldve heist knock balls damage
2024-11-12 10:53:31,677 - INFO - Topic 44: worst horrible freddy terrible worse awful theaters dreadful idiot ever
2024-11-12 10:53:31,678 - INFO - Topic 45: rubber jet idiotic stupidity pie noise mindless yawn ripped beer
2024-11-12 10:53:31,679 - INFO - Topic 46: emma inaccurate lifeless porn inconsistent prejudice devoid literary subtitles rubbish
2024-11-12 10:53:31,681 - INFO - Topic 47: murphy ago afternoon remembered saturday ireland spain wished recently wondered
2024-11-12 10:53:31,683 - INFO - Topic 48: hitler war germans soldiers documentary northern peace politics sides depicting
2024-11-12 10:53:31,684 - INFO - Topic 49: chaplin pacino reynolds fonda diane ted russell virus burton gay
2024-11-12 10:53:31,692 - INFO - Topic 0: stewart jeff robert husband crime local harry detective marie henry friend sam gang revenge ann
2024-11-12 10:53:31,693 - INFO - Topic 1: stewart robert henry harry william taylor jean fine douglas handsome crime detective career husband harris
2024-11-12 10:53:31,695 - INFO - Topic 2: holly flight cliche hopper hollow airplane cabin austin flies derivative mtv tripe bones insipid soap
2024-11-12 10:53:31,696 - INFO - Topic 3: beast creature stunts campy monsters lake mountain tank magical ocean awesome hokey tasteless special slasher
2024-11-12 10:53:31,697 - INFO - Topic 4: jane keaton caine welles eastwood shakespeare bates novels jake clint adaptation jon sally steve parker
2024-11-12 10:53:31,698 - INFO - Topic 5: disney animation animated cartoons cartoon ninja puppet game computer fox villains educational kingdom childish charlie
2024-11-12 10:53:31,700 - INFO - Topic 6: kelly dance numbers rogers gene powell oliver band oscar sinatra nominated musical arthur musicals dancing
2024-11-12 10:53:31,701 - INFO - Topic 7: season episode episodes match series seasons show sitcom bbc opinion shows wish television captain crew
2024-11-12 10:53:31,702 - INFO - Topic 8: backgrounds graphics shortcomings distribution filler occasions rank caliber relation interactions meaningless lyrics reflect imaginable quotes
2024-11-12 10:53:31,703 - INFO - Topic 9: superman hanks batman arnold asian trilogy adventure tom mafia villain blair bush puppets epic hero
2024-11-12 10:53:31,705 - INFO - Topic 10: rap shelf garbage waited paint zero stores popcorn junk olds idiots buying bought bargain advertising
2024-11-12 10:53:31,706 - INFO - Topic 11: nightmare lisa rachel eats holes crashes abysmal blade disgusted sat pile pan pregnant linda unbearable
2024-11-12 10:53:31,707 - INFO - Topic 12: khan woody sadness nancy heartfelt friendship favorites inspiring marry invited awards marries gift feelings greatness
2024-11-12 10:53:31,709 - INFO - Topic 13: japan japanese splatter motivations exploring gory tops anyways meaningful sincerely complaints encourage alternative focusing costs
2024-11-12 10:53:31,710 - INFO - Topic 14: black stories white jack prison told women men tells paul four dark different experience several
2024-11-12 10:53:31,711 - INFO - Topic 15: husband marriage page anna henry passion sexual society jean handsome historical century beautifully deeply social
2024-11-12 10:53:31,713 - INFO - Topic 16: society historical social subject religion propaganda events christian religious sexual message century deeply themes context
2024-11-12 10:53:31,714 - INFO - Topic 17: teaches book imagined teach kate learning learn beliefs ward reader cities stranger gender endure opinions
2024-11-12 10:53:31,715 - INFO - Topic 18: indian football gems greek indie thugs combine cinemas sentimental unwatchable horses inspire tim daring riot
2024-11-12 10:53:31,716 - INFO - Topic 19: voiced designs suitable anime thread stuart hats parallel wishing trademark primitive exposition painting hunters technique
2024-11-12 10:53:31,718 - INFO - Topic 20: relax mel somebody scared messages vote spoke mom emotion stayed pitch avoided glad terrorists stopped
2024-11-12 10:53:31,719 - INFO - Topic 21: jokes funnier comedy gags unfunny laughs comedian humor hilarious funny laugh joke clown jerry dave
2024-11-12 10:53:31,720 - INFO - Topic 22: castle africa amazing thomas excellent wonderful displayed lessons south pack museum fed perfect beauty purposes
2024-11-12 10:53:31,721 - INFO - Topic 23: godfather predecessor uninspired choreography childs remake visuals lackluster blah suspension mediocre recommendation choppy sequels bond
2024-11-12 10:53:31,723 - INFO - Topic 24: lou vietnam victor leonard matrix shining critic porno bravo warming industry psychology hello accomplish nemesis
2024-11-12 10:53:31,724 - INFO - Topic 25: creepy ghost bugs pet horror demon creatures blood cat escaped attacked killer preferred circus assassin
2024-11-12 10:53:31,725 - INFO - Topic 26: science alien pointless non torture aliens explain fiction dull humans beyond violence crew failed dialog
2024-11-12 10:53:31,727 - INFO - Topic 27: dinosaur gotta willis bird sean satan kidding joe wizard romp billy doll screwed pops carrie
2024-11-12 10:53:31,728 - INFO - Topic 28: episode episodes season show match sitcom shows wish wait crew opinion funniest bbc anymore buy
2024-11-12 10:53:31,729 - INFO - Topic 29: zombies zombie ending happened happens guy except went start supposed expect wrong exactly everything boy
2024-11-12 10:53:31,730 - INFO - Topic 30: stewart robert husband crime harry henry detective marie ann william james taylor western harris discovers
2024-11-12 10:53:31,732 - INFO - Topic 31: kong hong compelled difficulties banned unhappy greatly agreed illness hoped pleased pain nations satisfied complain
2024-11-12 10:53:31,733 - INFO - Topic 32: vampire kills vampires alien scientist murders cops naked halloween revenge scares violence dumb dull cut
2024-11-12 10:53:31,734 - INFO - Topic 33: seagal jackie lion dragon luke kurt empire yesterday jaws midnight bay moon flying threw mickey
2024-11-12 10:53:31,735 - INFO - Topic 34: martial kung arts titanic metal hung shark angels nazis holocaust jews jewish animals village iron
2024-11-12 10:53:31,737 - INFO - Topic 35: swedish sappy streep stilted fairy exquisite simplicity angst melodramatic styles banal dreary clad edgy stale
2024-11-12 10:53:31,738 - INFO - Topic 36: liked really think maybe thought lot enjoy recommend pretty good feel better say sure done
2024-11-12 10:53:31,739 - INFO - Topic 37: parents children child son daughter daddy grew grandfather baby grown adorable jackson spring lucy sometime
2024-11-12 10:53:31,740 - INFO - Topic 38: santa drew preview cable nights mexican theater cameras wolf weekend premiere russian lasted glasses penn
2024-11-12 10:53:31,742 - INFO - Topic 39: religion christian society propaganda historical message religious social subject americans events america science views humanity
2024-11-12 10:53:31,743 - INFO - Topic 40: freeman morgan murray jeremy glenn quinn adams adequate cooper stanley blank miscast phil insanity predator
2024-11-12 10:53:31,744 - INFO - Topic 41: orange spike indulgent sheen females assuming intentions digital widescreen recycled abrupt versus integrity feed sensitive
2024-11-12 10:53:31,745 - INFO - Topic 42: segment robin dan disappointment fifth ratings version lowest teachers net online dedicated pages misleading highest
2024-11-12 10:53:31,747 - INFO - Topic 43: walken bat sucked karate acid shouldve heist knock balls damage drinks knocked asleep shaking bang
2024-11-12 10:53:31,748 - INFO - Topic 44: worst horrible freddy terrible worse awful theaters dreadful idiot ever describe copies excuse scary stupid
2024-11-12 10:53:31,749 - INFO - Topic 45: rubber jet idiotic stupidity pie noise mindless yawn ripped beer hack swear fist biting moronic
2024-11-12 10:53:31,750 - INFO - Topic 46: emma inaccurate lifeless porn inconsistent prejudice devoid literary subtitles rubbish illogical subjected audio directions rely
2024-11-12 10:53:31,752 - INFO - Topic 47: murphy ago afternoon remembered saturday ireland spain wished recently wondered posted bridges disliked comparing regret
2024-11-12 10:53:31,753 - INFO - Topic 48: hitler war germans soldiers documentary northern peace politics sides depicting lasting seeks landscapes politically government
2024-11-12 10:53:31,754 - INFO - Topic 49: chaplin pacino reynolds fonda diane ted russell virus burton gay alice jim amanda foster beverly
2024-11-12 10:53:31,774 - INFO - TD_10: 0.87800
2024-11-12 10:53:31,776 - INFO - TD_15: 0.86800
2024-11-12 10:53:31,792 - INFO - NMI: 0.05040876337286191
2024-11-12 10:53:31,792 - INFO - Purity: 0.68812
