2024-11-12 17:58:14,091 - INFO - ===>using lr_scheduler
2024-11-12 18:21:29,478 - INFO - Topic 0: amp voltage circuit audio detector analog receiver detectors wires antenna
2024-11-12 18:21:29,480 - INFO - Topic 1: georgia cancer duke champaign cds gif polytechnic advance johns rochester
2024-11-12 18:21:29,481 - INFO - Topic 2: suck foods taste appreciated cursor viewer ears locks slave menu
2024-11-12 18:21:29,482 - INFO - Topic 3: baseball jewish stadium fan sports roger cubs fans philadelphia players
2024-11-12 18:21:29,483 - INFO - Topic 4: helmet wiring wires neutral circuit riders ground steering wire yamaha
2024-11-12 18:21:29,485 - INFO - Topic 5: modems telnet baud download dial pgp swiss repost fidonet warranty
2024-11-12 18:21:29,486 - INFO - Topic 6: kurds serdar turks homeland massacres genocide atrocities turkish turkey villages
2024-11-12 18:21:29,487 - INFO - Topic 7: chastity shameful intellect gordon banks skepticism surrender pittsburgh cell science
2024-11-12 18:21:29,488 - INFO - Topic 8: pub motif jpeg formats anonymous rendering contrib images server servers
2024-11-12 18:21:29,490 - INFO - Topic 9: islam malcolm christianity religion atheism christians teachings marriage believer believing
2024-11-12 18:21:29,491 - INFO - Topic 10: lib font fonts vesa iisi tickets imaging hst zip gamma
2024-11-12 18:21:29,492 - INFO - Topic 11: escrow wiretap encrypted dorothy phones encryption des voluntary initiative chip
2024-11-12 18:21:29,494 - INFO - Topic 12: bike bmw honda msg bikes insurance motorcycle dod superstition ride
2024-11-12 18:21:29,495 - INFO - Topic 13: walker printer tektronix tapped jay curtis phillies joy grateful burns
2024-11-12 18:21:29,496 - INFO - Topic 14: henry oil richardson swap hughes elizabeth span briefly jonathan pricing
2024-11-12 18:21:29,497 - INFO - Topic 15: det bos leafs espn que cal hawks traded min playoffs
2024-11-12 18:21:29,499 - INFO - Topic 16: max cliff air shipping purdue offer picture wondering speakers ohio
2024-11-12 18:21:29,500 - INFO - Topic 17: serbs senate government president reform democracy congress phill democratic bosnia
2024-11-12 18:21:29,501 - INFO - Topic 18: jesus christ spirit bible holy god passages sins church lord
2024-11-12 18:21:29,502 - INFO - Topic 19: islamic muslim tourist muslims servicing boot davidians terrorist escaped disaster
2024-11-12 18:21:29,503 - INFO - Topic 20: standings islanders hockey nhl calgary league detroit buffalo winnipeg scoring
2024-11-12 18:21:29,505 - INFO - Topic 21: battery batteries howard blood abortion noisy quadra reagan cleansing racist
2024-11-12 18:21:29,506 - INFO - Topic 22: armenians azerbaijan father armenian tragedy neighbors patients soldiers woman diet
2024-11-12 18:21:29,507 - INFO - Topic 23: atmosphere propulsion orbit telescope planetary spacecraft solar satellite funding observatory
2024-11-12 18:21:29,508 - INFO - Topic 24: openwindows icon window dialog clients visual sparc motif client displayed
2024-11-12 18:21:29,510 - INFO - Topic 25: lebanese gaza israelis palestinians israels livni palestinian lebanon arabs israeli
2024-11-12 18:21:29,511 - INFO - Topic 26: toal pain armenia lock drink exhaust derek tricks rushdie sucks
2024-11-12 18:21:29,512 - INFO - Topic 27: morality subjective atheists species objective atheism moral livesey belief absolute
2024-11-12 18:21:29,513 - INFO - Topic 28: gay diagnosed syndrome neck chronic cops shoulder treating treatment complaining
2024-11-12 18:21:29,515 - INFO - Topic 29: output null stream entry file string remark bytes int input
2024-11-12 18:21:29,516 - INFO - Topic 30: monitor graphics video screen color windows colors sony card vga
2024-11-12 18:21:29,517 - INFO - Topic 31: clipper tiff compression gregg bandwidth ross shareware encryption sandvik approx
2024-11-12 18:21:29,519 - INFO - Topic 32: compuserve privacy communication electronic internet networking online sessions identity fax
2024-11-12 18:21:29,520 - INFO - Topic 33: brakes wheels saturn wheel steering ford toyota car lane lights
2024-11-12 18:21:29,521 - INFO - Topic 34: sale manuals printers netherlands packages custom discount shipped sells hello
2024-11-12 18:21:29,522 - INFO - Topic 35: fpu vram irq ati isa powerbook socket gateway melbourne nyx
2024-11-12 18:21:29,524 - INFO - Topic 36: duo solntzewpdsgicom diamond canon koresh shaped cult abc serial bull
2024-11-12 18:21:29,525 - INFO - Topic 37: radius shuttle orbital tube width bitmap timer luis convex terry
2024-11-12 18:21:29,526 - INFO - Topic 38: scsi ide controller bios jumper drives drive floppy disk quantum
2024-11-12 18:21:29,527 - INFO - Topic 39: shaft saint lobby invasion doctrines massacre salvation surrounding fate inspired
2024-11-12 18:21:29,529 - INFO - Topic 40: vga simms dos svga simm eisa ram vlb com mouse
2024-11-12 18:21:29,530 - INFO - Topic 41: xxdate useragent nuntius xxmessage csutexasedu cookamunga ksand alink lciii enterpoopmitedu
2024-11-12 18:21:29,531 - INFO - Topic 42: shipping stereo speakers disks offer modem brand items sony apple
2024-11-12 18:21:29,532 - INFO - Topic 43: saves apostles capitals overtime theodore bruins oilers coach potvin playoff
2024-11-12 18:21:29,534 - INFO - Topic 44: clayton batf ranch arras survivors homosexuals mutual orientation sexual tear
2024-11-12 18:21:29,535 - INFO - Topic 45: batting pitches braves cubs morris bonds walks team outs wins
2024-11-12 18:21:29,536 - INFO - Topic 46: schneider joke trinity fuck absurd naive sigh blessed presume notion
2024-11-12 18:21:29,538 - INFO - Topic 47: militia firearms amendment weapons guns deaths violent crime crimes gun
2024-11-12 18:21:29,539 - INFO - Topic 48: puck flyers nhl sharks hockey season goalie playoffs leafs team
2024-11-12 18:21:29,540 - INFO - Topic 49: heaven sacrifice hitler insane contradict likewise existance inclined crypto fallen
2024-11-12 18:21:29,547 - INFO - Topic 0: amp voltage circuit audio detector analog receiver detectors wires antenna radar output discharge input signal
2024-11-12 18:21:29,548 - INFO - Topic 1: georgia cancer duke champaign cds gif polytechnic advance johns rochester anthony louisiana mary medical hopkins
2024-11-12 18:21:29,550 - INFO - Topic 2: suck foods taste appreciated cursor viewer ears locks slave menu detail strikes usable supplies processes
2024-11-12 18:21:29,551 - INFO - Topic 3: baseball jewish stadium fan sports roger cubs fans philadelphia players espn football braves game scores
2024-11-12 18:21:29,552 - INFO - Topic 4: helmet wiring wires neutral circuit riders ground steering wire yamaha nec bike plastic fuel wheels
2024-11-12 18:21:29,553 - INFO - Topic 5: modems telnet baud download dial pgp swiss repost fidonet warranty yeast copying summarize cramer static
2024-11-12 18:21:29,555 - INFO - Topic 6: kurds serdar turks homeland massacres genocide atrocities turkish turkey villages armenians azerbaijan armenian fled ethnic
2024-11-12 18:21:29,556 - INFO - Topic 7: chastity shameful intellect gordon banks skepticism surrender pittsburgh cell science univ requests dis arbor mitre
2024-11-12 18:21:29,558 - INFO - Topic 8: pub motif jpeg formats anonymous rendering contrib images server servers image clients format interface sparc
2024-11-12 18:21:29,559 - INFO - Topic 9: islam malcolm christianity religion atheism christians teachings marriage believer believing atheists bible sin god beliefs
2024-11-12 18:21:29,560 - INFO - Topic 10: lib font fonts vesa iisi tickets imaging hst zip gamma ticket centris upgraded omissions pixels
2024-11-12 18:21:29,562 - INFO - Topic 11: escrow wiretap encrypted dorothy phones encryption des voluntary initiative chip paranoia key government keys terrorists
2024-11-12 18:21:29,563 - INFO - Topic 12: bike bmw honda msg bikes insurance motorcycle dod superstition ride boots car food biker cars
2024-11-12 18:21:29,564 - INFO - Topic 13: walker printer tektronix tapped jay curtis phillies joy grateful burns brookline wash awesome graham yankees
2024-11-12 18:21:29,565 - INFO - Topic 14: henry oil richardson swap hughes elizabeth span briefly jonathan pricing tom owned translated anatolia texts
2024-11-12 18:21:29,567 - INFO - Topic 15: det bos leafs espn que cal hawks traded min playoffs finals captain pens islanders jets
2024-11-12 18:21:29,568 - INFO - Topic 16: max cliff air shipping purdue offer picture wondering speakers ohio hewlett south packard music sports
2024-11-12 18:21:29,569 - INFO - Topic 17: serbs senate government president reform democracy congress phill democratic bosnia presidents bush billion initiative jobs
2024-11-12 18:21:29,570 - INFO - Topic 18: jesus christ spirit bible holy god passages sins church lord sin passage teaches christs verse
2024-11-12 18:21:29,572 - INFO - Topic 19: islamic muslim tourist muslims servicing boot davidians terrorist escaped disaster blew extermination torture toxic virus
2024-11-12 18:21:29,573 - INFO - Topic 20: standings islanders hockey nhl calgary league detroit buffalo winnipeg scoring murphy arena montreal philadelphia quebec
2024-11-12 18:21:29,574 - INFO - Topic 21: battery batteries howard blood abortion noisy quadra reagan cleansing racist acid moon hunting electric planets
2024-11-12 18:21:29,576 - INFO - Topic 22: armenians azerbaijan father armenian tragedy neighbors patients soldiers woman diet msg disease neighbor physician sensitivity
2024-11-12 18:21:29,577 - INFO - Topic 23: atmosphere propulsion orbit telescope planetary spacecraft solar satellite funding observatory mars lunar launch shuttle billion
2024-11-12 18:21:29,578 - INFO - Topic 24: openwindows icon window dialog clients visual sparc motif client displayed bmp server managers displaying default
2024-11-12 18:21:29,579 - INFO - Topic 25: lebanese gaza israelis palestinians israels livni palestinian lebanon arabs israeli palestine arab redundancy territories israel
2024-11-12 18:21:29,581 - INFO - Topic 26: toal pain armenia lock drink exhaust derek tricks rushdie sucks stomach ian leg craig chest
2024-11-12 18:21:29,582 - INFO - Topic 27: morality subjective atheists species objective atheism moral livesey belief absolute morals god contradictory assertion truth
2024-11-12 18:21:29,583 - INFO - Topic 28: gay diagnosed syndrome neck chronic cops shoulder treating treatment complaining shooting therapy aids cop infection
2024-11-12 18:21:29,585 - INFO - Topic 29: output null stream entry file string remark bytes int input bits guidelines max define program
2024-11-12 18:21:29,586 - INFO - Topic 30: monitor graphics video screen color windows colors sony card vga display desktop portable brand mouse
2024-11-12 18:21:29,587 - INFO - Topic 31: clipper tiff compression gregg bandwidth ross shareware encryption sandvik approx algorithm proprietary arrogance yugoslavia inevitable
2024-11-12 18:21:29,588 - INFO - Topic 32: compuserve privacy communication electronic internet networking online sessions identity fax jeffrey federal communications security unix
2024-11-12 18:21:29,590 - INFO - Topic 33: brakes wheels saturn wheel steering ford toyota car lane lights cars tires corners cylinder brake
2024-11-12 18:21:29,591 - INFO - Topic 34: sale manuals printers netherlands packages custom discount shipped sells hello kit beta selling terminal cover
2024-11-12 18:21:29,592 - INFO - Topic 35: fpu vram irq ati isa powerbook socket gateway melbourne nyx bullets upgrading rgb nra processor
2024-11-12 18:21:29,594 - INFO - Topic 36: duo solntzewpdsgicom diamond canon koresh shaped cult abc serial bull ball clarke herein sutherland turner
2024-11-12 18:21:29,595 - INFO - Topic 37: radius shuttle orbital tube width bitmap timer luis convex terry pointer forsale curve wright gravity
2024-11-12 18:21:29,596 - INFO - Topic 38: scsi ide controller bios jumper drives drive floppy disk quantum bus motherboard rom interface meg
2024-11-12 18:21:29,597 - INFO - Topic 39: shaft saint lobby invasion doctrines massacre salvation surrounding fate inspired socialist linked ruling spiritual doctrine
2024-11-12 18:21:29,599 - INFO - Topic 40: vga simms dos svga simm eisa ram vlb com mouse ports motherboard windows video upgrade
2024-11-12 18:21:29,600 - INFO - Topic 41: xxdate useragent nuntius xxmessage csutexasedu cookamunga ksand alink lciii enterpoopmitedu logo accessdigexnet postscript thanx rocketswstratuscom
2024-11-12 18:21:29,601 - INFO - Topic 42: shipping stereo speakers disks offer modem brand items sony apple drive floppy speaker motorola portable
2024-11-12 18:21:29,603 - INFO - Topic 43: saves apostles capitals overtime theodore bruins oilers coach potvin playoff duck edmonton mathew penn benedikt
2024-11-12 18:21:29,604 - INFO - Topic 44: clayton batf ranch arras survivors homosexuals mutual orientation sexual tear murders sex witnesses landed suicide
2024-11-12 18:21:29,605 - INFO - Topic 45: batting pitches braves cubs morris bonds walks team outs wins defensive season seasons score baseball
2024-11-12 18:21:29,607 - INFO - Topic 46: schneider joke trinity fuck absurd naive sigh blessed presume notion condemn thou trash kicked idiots
2024-11-12 18:21:29,608 - INFO - Topic 47: militia firearms amendment weapons guns deaths violent crime crimes gun criminals constitution armed liberties weapon
2024-11-12 18:21:29,609 - INFO - Topic 48: puck flyers nhl sharks hockey season goalie playoffs leafs team teams blues pens defensive norris
2024-11-12 18:21:29,610 - INFO - Topic 49: heaven sacrifice hitler insane contradict likewise existance inclined crypto fallen pope believers justified orthodox applicable
2024-11-12 18:21:29,636 - INFO - TD_10: 0.93200
2024-11-12 18:21:29,638 - INFO - TD_15: 0.84667
2024-11-12 18:21:29,644 - INFO - NMI: 0.56259330748313
2024-11-12 18:21:29,644 - INFO - Purity: 0.6026287838555496
