2024-11-12 18:27:40,112 - INFO - ===>using lr_scheduler
2024-11-12 18:48:31,412 - INFO - Topic 0: lib window widgets motif contrib usr dialog clients client server
2024-11-12 18:48:31,414 - INFO - Topic 1: kevin tony wondering theodore dave jeff carnegie brian polytechnic jason
2024-11-12 18:48:31,415 - INFO - Topic 2: msg suck sensitivity taste foods food cursor pitcher locks supplies
2024-11-12 18:48:31,417 - INFO - Topic 3: wiring circuit voltage neutral wire ground metal switches nec circuits
2024-11-12 18:48:31,418 - INFO - Topic 4: appreciate looking email wondering greatly polytechnic tony anybody replies melbourne
2024-11-12 18:48:31,419 - INFO - Topic 5: telnet cramer modems download pgp baud consent dial compuserve swiss
2024-11-12 18:48:31,421 - INFO - Topic 6: melkonian sahak kurds serdar anatolia homeland turks massacres atrocities turkish
2024-11-12 18:48:31,422 - INFO - Topic 7: austria cell eisa cleveland norway finland cells helsinki reserve beyer
2024-11-12 18:48:31,423 - INFO - Topic 8: dos mouse windows driver port drivers tcp detectors card cartridge
2024-11-12 18:48:31,425 - INFO - Topic 9: israel islam israeli jews religion islamic arab arabs palestinians israelis
2024-11-12 18:48:31,426 - INFO - Topic 10: max font fonts dakota hst iisi xlib vesa xview upgraded
2024-11-12 18:48:31,427 - INFO - Topic 11: dorothy encrypted escrow voluntary rsa clipper encryption initiative agencies terrorists
2024-11-12 18:48:31,429 - INFO - Topic 12: dividian arras batf koreshs survivors reno grenades murders tear witnesses
2024-11-12 18:48:31,430 - INFO - Topic 13: saturn dealer car ford cars toyota honda miles oil dealers
2024-11-12 18:48:31,431 - INFO - Topic 14: serbs senate president administration reform democratic presidents minister congress bosnia
2024-11-12 18:48:31,433 - INFO - Topic 15: innings cubs pitchers batting yankees braves pitches mets bonds walks
2024-11-12 18:48:31,434 - INFO - Topic 16: spacecraft launched missions jpl launch mission zoology solar satellite planetary
2024-11-12 18:48:31,435 - INFO - Topic 17: detector radar insurance guns gun police clipper key keys car
2024-11-12 18:48:31,437 - INFO - Topic 18: malcolm loves brains reminds dreams souls hearts firmly borders nuts
2024-11-12 18:48:31,438 - INFO - Topic 19: stratus muslim terrorist servicing muslims tourist cunixbcccolumbiaedu waco virus davidian
2024-11-12 18:48:31,439 - INFO - Topic 20: flyers sharks nhl goalie season sabres leafs coach players hockey
2024-11-12 18:48:31,440 - INFO - Topic 21: militia petaluma rifles handguns clayton possession crimes hunting assault nra
2024-11-12 18:48:31,442 - INFO - Topic 22: apostles christs sins testament romans catholics grace theology passages verse
2024-11-12 18:48:31,444 - INFO - Topic 23: bike cliff bikes bmw motorcycles motorcycle ama ride yamaha dod
2024-11-12 18:48:31,445 - INFO - Topic 24: simms fpu simm motherboard irq quadra mhz scsi ethernet cpu
2024-11-12 18:48:31,446 - INFO - Topic 25: appreciate looking email tony wondering polytechnic kevin carnegie replies greatly
2024-11-12 18:48:31,448 - INFO - Topic 26: captain armenia toal exhaust pain rushdie homosexual lock sucks derek
2024-11-12 18:48:31,449 - INFO - Topic 27: graphics appreciated email looking appreciate greatly printer melbourne info wondering
2024-11-12 18:48:31,450 - INFO - Topic 28: disease patients infection diet diagnosed cancer gay syndrome chronic therapy
2024-11-12 18:48:31,452 - INFO - Topic 29: output stream entry file null remark bytes byte int string
2024-11-12 18:48:31,453 - INFO - Topic 30: bike brakes helmet riding lane mustang rear ride dog wheel
2024-11-12 18:48:31,454 - INFO - Topic 31: tiff gregg algorithm inputs ltd bandwidth encryption approx ross temporary
2024-11-12 18:48:31,456 - INFO - Topic 32: walker phones tapped online pat wiretap communications proposal privacy sessions
2024-11-12 18:48:31,457 - INFO - Topic 33: bmp lib icons icon beast bitmap apps openwindows sparc desktop
2024-11-12 18:48:31,458 - INFO - Topic 34: sale cds manuals greek sells shipped tower kit custom packages
2024-11-12 18:48:31,459 - INFO - Topic 35: looking appreciate wondering email greatly printer bbs polytechnic anybody replies
2024-11-12 18:48:31,461 - INFO - Topic 36: traded duo pit solntzewpdsgicom serial abc canon turner cult koresh
2024-11-12 18:48:31,462 - INFO - Topic 37: radius tube orbit timer min luis audio width forsale convex
2024-11-12 18:48:31,463 - INFO - Topic 38: contrib pub anonymous platforms formats motif rsa image jpeg servers
2024-11-12 18:48:31,465 - INFO - Topic 39: shaft stadium massacre saint doctrines fate salvation invasion doctrine village
2024-11-12 18:48:31,466 - INFO - Topic 40: scsi ide controller bios drives jumpers floppy isa drive quantum
2024-11-12 18:48:31,467 - INFO - Topic 41: csutexasedu cookamunga ksand xterm alink nuntius useragent xxdate xxmessage accessdigexnet
2024-11-12 18:48:31,469 - INFO - Topic 42: obo shipping stereo speakers sale offer condition excellent sony channel
2024-11-12 18:48:31,470 - INFO - Topic 43: det bos tor islanders cal que espn devils overtime lemieux
2024-11-12 18:48:31,471 - INFO - Topic 44: morality schneider atheist species subjective benedikt objective moral allan immoral
2024-11-12 18:48:31,473 - INFO - Topic 45: presentation brand maryland greece clock june ports wilson manufactured taylor
2024-11-12 18:48:31,475 - INFO - Topic 46: chastity shameful intellect skepticism banks gordon surrender pittsburgh fuck absurd
2024-11-12 18:48:31,476 - INFO - Topic 47: armenians armenian azerbaijan sdpa father soldiers daughter tragedy neighbors burned
2024-11-12 18:48:31,478 - INFO - Topic 48: jpeg ati vga video svga vram colors color monitors vlb
2024-11-12 18:48:31,479 - INFO - Topic 49: crypto pope existance sacrifice heaven judaism partially contradict inclined likewise
2024-11-12 18:48:31,486 - INFO - Topic 0: lib window widgets motif contrib usr dialog clients client server openwindows null default display string
2024-11-12 18:48:31,488 - INFO - Topic 1: kevin tony wondering theodore dave jeff carnegie brian polytechnic jason brent dale robert joe appreciate
2024-11-12 18:48:31,489 - INFO - Topic 2: msg suck sensitivity taste foods food cursor pitcher locks supplies sox ears biology gui processes
2024-11-12 18:48:31,491 - INFO - Topic 3: wiring circuit voltage neutral wire ground metal switches nec circuits analog hook water plastic cycle
2024-11-12 18:48:31,492 - INFO - Topic 4: appreciate looking email wondering greatly polytechnic tony anybody replies melbourne appreciated ann thanks info bbs
2024-11-12 18:48:31,493 - INFO - Topic 5: telnet cramer modems download pgp baud consent dial compuserve swiss fidonet summarize repost yeast preference
2024-11-12 18:48:31,495 - INFO - Topic 6: melkonian sahak kurds serdar anatolia homeland turks massacres atrocities turkish occupation villages cleansing andi proceeded
2024-11-12 18:48:31,496 - INFO - Topic 7: austria cell eisa cleveland norway finland cells helsinki reserve beyer atf felix aircraft murphy rec
2024-11-12 18:48:31,498 - INFO - Topic 8: dos mouse windows driver port drivers tcp detectors card cartridge antenna ram screen cards monitor
2024-11-12 18:48:31,499 - INFO - Topic 9: israel islam israeli jews religion islamic arab arabs palestinians israelis lebanon lebanese palestine mormons christianity
2024-11-12 18:48:31,501 - INFO - Topic 10: max font fonts dakota hst iisi xlib vesa xview upgraded readme centris omissions libraries catholic
2024-11-12 18:48:31,502 - INFO - Topic 11: dorothy encrypted escrow voluntary rsa clipper encryption initiative agencies terrorists enforcement feds administration privacy chip
2024-11-12 18:48:31,504 - INFO - Topic 12: dividian arras batf koreshs survivors reno grenades murders tear witnesses assault blast suicide tactics tanks
2024-11-12 18:48:31,505 - INFO - Topic 13: saturn dealer car ford cars toyota honda miles oil dealers engine price reliability buying consumer
2024-11-12 18:48:31,507 - INFO - Topic 14: serbs senate president administration reform democratic presidents minister congress bosnia phill labor russian bosnian iran
2024-11-12 18:48:31,508 - INFO - Topic 15: innings cubs pitchers batting yankees braves pitches mets bonds walks outs morris fame seasons players
2024-11-12 18:48:31,510 - INFO - Topic 16: spacecraft launched missions jpl launch mission zoology solar satellite planetary moon orbit mars lunar rockets
2024-11-12 18:48:31,511 - INFO - Topic 17: detector radar insurance guns gun police clipper key keys car cops illegal tax firearms criminals
2024-11-12 18:48:31,512 - INFO - Topic 18: malcolm loves brains reminds dreams souls hearts firmly borders nuts loose remind feelings entity butt
2024-11-12 18:48:31,514 - INFO - Topic 19: stratus muslim terrorist servicing muslims tourist cunixbcccolumbiaedu waco virus davidian torture grief slaughter escaped eye
2024-11-12 18:48:31,515 - INFO - Topic 20: flyers sharks nhl goalie season sabres leafs coach players hockey playoffs team teams cup europeans
2024-11-12 18:48:31,517 - INFO - Topic 21: militia petaluma rifles handguns clayton possession crimes hunting assault nra deaths mutual constitution violent enforce
2024-11-12 18:48:31,518 - INFO - Topic 22: apostles christs sins testament romans catholics grace theology passages verse spirit passage holy jesus condemned
2024-11-12 18:48:31,520 - INFO - Topic 23: bike cliff bikes bmw motorcycles motorcycle ama ride yamaha dod biker helmet riding gardner air
2024-11-12 18:48:31,521 - INFO - Topic 24: simms fpu simm motherboard irq quadra mhz scsi ethernet cpu powerbook vram apple meg intel
2024-11-12 18:48:31,523 - INFO - Topic 25: appreciate looking email tony wondering polytechnic kevin carnegie replies greatly address melbourne ann newsgroup anybody
2024-11-12 18:48:31,524 - INFO - Topic 26: captain armenia toal exhaust pain rushdie homosexual lock sucks derek chest tricks leg alex shame
2024-11-12 18:48:31,525 - INFO - Topic 27: graphics appreciated email looking appreciate greatly printer melbourne info wondering version help anybody replies tony
2024-11-12 18:48:31,527 - INFO - Topic 28: disease patients infection diet diagnosed cancer gay syndrome chronic therapy treatment aids superstition doctor partners
2024-11-12 18:48:31,528 - INFO - Topic 29: output stream entry file null remark bytes byte int string program files define judges remarks
2024-11-12 18:48:31,529 - INFO - Topic 30: bike brakes helmet riding lane mustang rear ride dog wheel gear wheels passenger roads lights
2024-11-12 18:48:31,531 - INFO - Topic 31: tiff gregg algorithm inputs ltd bandwidth encryption approx ross temporary yugoslavia sandvik caps hat australia
2024-11-12 18:48:31,532 - INFO - Topic 32: walker phones tapped online pat wiretap communications proposal privacy sessions policy nsa networking internet intelligence
2024-11-12 18:48:31,534 - INFO - Topic 33: bmp lib icons icon beast bitmap apps openwindows sparc desktop extensions displaying graphic usr edit
2024-11-12 18:48:31,535 - INFO - Topic 34: sale cds manuals greek sells shipped tower kit custom packages tape discount shack terminal beta
2024-11-12 18:48:31,536 - INFO - Topic 35: looking appreciate wondering email greatly printer bbs polytechnic anybody replies appreciated melbourne ann thanks tony
2024-11-12 18:48:31,538 - INFO - Topic 36: traded duo pit solntzewpdsgicom serial abc canon turner cult koresh shaped gretzky bull denning cache
2024-11-12 18:48:31,539 - INFO - Topic 37: radius tube orbit timer min luis audio width forsale convex orbital pointer curve reset roberts
2024-11-12 18:48:31,540 - INFO - Topic 38: contrib pub anonymous platforms formats motif rsa image jpeg servers workstations interactive server images rendering
2024-11-12 18:48:31,542 - INFO - Topic 39: shaft stadium massacre saint doctrines fate salvation invasion doctrine village surrounding spiritual socialist lake girls
2024-11-12 18:48:31,543 - INFO - Topic 40: scsi ide controller bios drives jumpers floppy isa drive quantum sec boot rom interface instruction
2024-11-12 18:48:31,544 - INFO - Topic 41: csutexasedu cookamunga ksand xterm alink nuntius useragent xxdate xxmessage accessdigexnet logo married lciii thanx enterpoopmitedu
2024-11-12 18:48:31,546 - INFO - Topic 42: obo shipping stereo speakers sale offer condition excellent sony channel items amiga receiver disks printer
2024-11-12 18:48:31,547 - INFO - Topic 43: det bos tor islanders cal que espn devils overtime lemieux champs playoff standings calgary recsporthockey
2024-11-12 18:48:31,549 - INFO - Topic 44: morality schneider atheist species subjective benedikt objective moral allan immoral believer assert arrogant absolute beings
2024-11-12 18:48:31,550 - INFO - Topic 45: presentation brand maryland greece clock june ports wilson manufactured taylor model engine abstract consulting conviction
2024-11-12 18:48:31,551 - INFO - Topic 46: chastity shameful intellect skepticism banks gordon surrender pittsburgh fuck absurd georgia univ prayer blessed trinity
2024-11-12 18:48:31,553 - INFO - Topic 47: armenians armenian azerbaijan sdpa father soldiers daughter tragedy neighbors burned troops crowd turkish son turkey
2024-11-12 18:48:31,554 - INFO - Topic 48: jpeg ati vga video svga vram colors color monitors vlb resolutions mode gif stealth gateway
2024-11-12 18:48:31,555 - INFO - Topic 49: crypto pope existance sacrifice heaven judaism partially contradict inclined likewise fallen kingdom orthodox ultimately commit
2024-11-12 18:48:31,586 - INFO - TD_10: 0.87000
2024-11-12 18:48:31,588 - INFO - TD_15: 0.84533
2024-11-12 18:48:31,598 - INFO - NMI: 0.5656869416651541
2024-11-12 18:48:31,599 - INFO - Purity: 0.6163037705788635
2024-11-12 18:51:33,844 - INFO - TC_15: 0.43169
2024-11-12 18:51:33,844 - INFO - TC_15 list: [0.402, 0.33975, 0.45646, 0.33566, 0.32129, 0.60142, 0.40606, 0.55113, 0.37958, 0.62135, 0.44853, 0.46117, 0.36614, 0.33192, 0.41934, 0.4351, 0.48968, 0.41505, 0.36287, 0.44721, 0.51886, 0.39297, 0.38839, 0.60342, 0.64627, 0.33632, 0.5381, 0.22515, 0.4545, 0.41835, 0.3637, 0.54572, 0.42485, 0.43314, 0.38267, 0.32992, 0.55613, 0.4419, 0.38747, 0.37307, 0.52128, 0.16072, 0.42619, 0.46627, 0.44756, 0.39056, 0.54869, 0.36061, 0.50893, 0.40106]
