2024-11-12 17:35:03,169 - INFO - ===>using lr_scheduler
2024-11-12 17:57:59,782 - INFO - Topic 0: azerbaijan armenians armenian neighbors serbs armenia troops woman murdered president
2024-11-12 17:57:59,783 - INFO - Topic 1: cds sale polytechnic duke johns rochester champaign mary anthony yale
2024-11-12 17:57:59,784 - INFO - Topic 2: suck taste appreciated foods cursor jake viewer sox menu usable
2024-11-12 17:57:59,786 - INFO - Topic 3: puck flyers sharks nhl playoffs goalie pens hockey season hawks
2024-11-12 17:57:59,787 - INFO - Topic 4: brake brakes wheels rear wheel steering exhaust ford detector detectors
2024-11-12 17:57:59,788 - INFO - Topic 5: telnet modems download pgp repost dial summarize clipper fidonet advance
2024-11-12 17:57:59,790 - INFO - Topic 6: christianity satan god religion believer christians atheists christ quran jesus
2024-11-12 17:57:59,791 - INFO - Topic 7: cramer homosexual homosexuals sexual clayton consent mutual militia sex phill
2024-11-12 17:57:59,792 - INFO - Topic 8: contrib motif pub widget toolkit formats anonymous privacy server images
2024-11-12 17:57:59,793 - INFO - Topic 9: georgia beast rutgers livesey tin van newsreader purdue conner bmw
2024-11-12 17:57:59,795 - INFO - Topic 10: lib font fonts xlib xview tickets imaging libraries upgraded alt
2024-11-12 17:57:59,796 - INFO - Topic 11: escrow wiretap toal dorothy crypto nsa phones trusted voluntary secure
2024-11-12 17:57:59,797 - INFO - Topic 12: dividian durham boots covington yamaha bikes kingston koreshs desert babies
2024-11-12 17:57:59,799 - INFO - Topic 13: walker printer phillies burns jay tapped wash yankees brookline rangers
2024-11-12 17:57:59,800 - INFO - Topic 14: henry oil elizabeth richardson swap span hughes idle briefly anatolia
2024-11-12 17:57:59,801 - INFO - Topic 15: morality schneider subjective species objective atheists moral existence belief animals
2024-11-12 17:57:59,803 - INFO - Topic 16: riders levine drinking bike dogs steering rear parking wheel dog
2024-11-12 17:57:59,804 - INFO - Topic 17: lebanese israelis israels palestinians arabs beyer arab redundancy israel territories
2024-11-12 17:57:59,805 - INFO - Topic 18: dreams brains malcolm loves souls reminds nuts feelings remind butt
2024-11-12 17:57:59,806 - INFO - Topic 19: islamic islam muslim muslims tourist waco davidians servicing terrorist escaped
2024-11-12 17:57:59,808 - INFO - Topic 20: pitching batting pitched pitches walks outs morris fischer fame nichols
2024-11-12 17:57:59,809 - INFO - Topic 21: battery batteries quadra noisy reagan abortion howard cleansing racist occupation
2024-11-12 17:57:59,810 - INFO - Topic 22: kurds serdar homeland massacres turkey villages armenia turkish armenians azerbaijan
2024-11-12 17:57:59,812 - INFO - Topic 23: icon window windows openwindows motif xterm bmp dos sparc server
2024-11-12 17:57:59,813 - INFO - Topic 24: simms simm eisa iisi motherboard com isa ports ram ethernet
2024-11-12 17:57:59,814 - INFO - Topic 25: italy livni israeli bosnia suffered britain soldiers fled germans atrocities
2024-11-12 17:57:59,815 - INFO - Topic 26: msg superstition yeast diet sensitivity patients physician disease chinese symptoms
2024-11-12 17:57:59,817 - INFO - Topic 27: jesus christ bible messiah church pope god lord holy sins
2024-11-12 17:57:59,818 - INFO - Topic 28: gay diagnosed chronic neck syndrome shoulder infection treating complaining devils
2024-11-12 17:57:59,819 - INFO - Topic 29: stream output widget int entry null xterm remark string file
2024-11-12 17:57:59,821 - INFO - Topic 30: wire wires amp voltage circuit wiring ground audio discharge detector
2024-11-12 17:57:59,822 - INFO - Topic 31: tiff gregg sandvik shareware approx yugoslavia telecommunications proprietary bandwidth inputs
2024-11-12 17:57:59,823 - INFO - Topic 32: graphics greatly color appreciate package cliff colors screen info mouse
2024-11-12 17:57:59,824 - INFO - Topic 33: max cliff air greatly wondering appreciate south motorola picture arbor
2024-11-12 17:57:59,826 - INFO - Topic 34: printers netherlands packages manuals custom sells kit discount hello tower
2024-11-12 17:57:59,827 - INFO - Topic 35: fpu irq vram powerbook socket intel upgrading nyx melbourne macs
2024-11-12 17:57:59,828 - INFO - Topic 36: duo koresh solntzewpdsgicom cult compound clinton shaped bull canon serial
2024-11-12 17:57:59,830 - INFO - Topic 37: radius width pointer convex tube bitmap min timer luis orbital
2024-11-12 17:57:59,831 - INFO - Topic 38: atmosphere orbit zoology observatory planetary solar spacecraft funding satellite lunar
2024-11-12 17:57:59,832 - INFO - Topic 39: shaft salvation massacre doctrines saint village invasion socialist fate doctrine
2024-11-12 17:57:59,834 - INFO - Topic 40: scsi ide controller drives bios drive floppy disk isa quantum
2024-11-12 17:57:59,835 - INFO - Topic 41: chastity shameful intellect skepticism gordon banks surrender xxdate nuntius useragent
2024-11-12 17:57:59,836 - INFO - Topic 42: shipping stereo speakers sony portable watts sale offer receiver recording
2024-11-12 17:57:59,838 - INFO - Topic 43: cubs apostles theodore capitals potvin buffalo overtime leafs oilers bruins
2024-11-12 17:57:59,839 - INFO - Topic 44: arras atf bds raid guns murders veal tennessee deaths gun
2024-11-12 17:57:59,840 - INFO - Topic 45: insurance car saturn dealer radar presentation sports cars coverage maryland
2024-11-12 17:57:59,842 - INFO - Topic 46: baseball jewish joke naive players dare fuck absurd virginia trash
2024-11-12 17:57:59,843 - INFO - Topic 47: firearms firearm militia senate findings privacy gun congress amendment weapon
2024-11-12 17:57:59,844 - INFO - Topic 48: tor bos islanders standings playoff nhl finals espn calgary hawks
2024-11-12 17:57:59,845 - INFO - Topic 49: ati vga monitor video card mouse ultra drivers vesa svga
2024-11-12 17:57:59,852 - INFO - Topic 0: azerbaijan armenians armenian neighbors serbs armenia troops woman murdered president threw turkey russian neighbor husband
2024-11-12 17:57:59,853 - INFO - Topic 1: cds sale polytechnic duke johns rochester champaign mary anthony yale freshman hopkins harvard fairbanks distribute
2024-11-12 17:57:59,855 - INFO - Topic 2: suck taste appreciated foods cursor jake viewer sox menu usable ears detail inform jimmy supplies
2024-11-12 17:57:59,856 - INFO - Topic 3: puck flyers sharks nhl playoffs goalie pens hockey season hawks playoff norris teams team cup
2024-11-12 17:57:59,857 - INFO - Topic 4: brake brakes wheels rear wheel steering exhaust ford detector detectors lane cylinder lights toyota bird
2024-11-12 17:57:59,859 - INFO - Topic 5: telnet modems download pgp repost dial summarize clipper fidonet advance password query upgrade login copying
2024-11-12 17:57:59,860 - INFO - Topic 6: christianity satan god religion believer christians atheists christ quran jesus gods romans bible beliefs sin
2024-11-12 17:57:59,861 - INFO - Topic 7: cramer homosexual homosexuals sexual clayton consent mutual militia sex phill amendment relations hitler men minority
2024-11-12 17:57:59,863 - INFO - Topic 8: contrib motif pub widget toolkit formats anonymous privacy server images image workstations servers rendering routines
2024-11-12 17:57:59,864 - INFO - Topic 9: georgia beast rutgers livesey tin van newsreader purdue conner bmw alien michael fanatic punish tortured
2024-11-12 17:57:59,865 - INFO - Topic 10: lib font fonts xlib xview tickets imaging libraries upgraded alt zip ticket omissions gamma catholic
2024-11-12 17:57:59,867 - INFO - Topic 11: escrow wiretap toal dorothy crypto nsa phones trusted voluntary secure enforcement des scicrypt privacy cryptography
2024-11-12 17:57:59,868 - INFO - Topic 12: dividian durham boots covington yamaha bikes kingston koreshs desert babies petaluma carolina beleive allan victoria
2024-11-12 17:57:59,869 - INFO - Topic 13: walker printer phillies burns jay tapped wash yankees brookline rangers grateful joy vacuum stevens awesome
2024-11-12 17:57:59,871 - INFO - Topic 14: henry oil elizabeth richardson swap span hughes idle briefly anatolia translated pricing kelly telecom texts
2024-11-12 17:57:59,872 - INFO - Topic 15: morality schneider subjective species objective atheists moral existence belief animals truth god universe definitions theories
2024-11-12 17:57:59,873 - INFO - Topic 16: riders levine drinking bike dogs steering rear parking wheel dog helmet lane wheels exhaust ride
2024-11-12 17:57:59,874 - INFO - Topic 17: lebanese israelis israels palestinians arabs beyer arab redundancy israel territories villages jews civilians gulf holocaust
2024-11-12 17:57:59,876 - INFO - Topic 18: dreams brains malcolm loves souls reminds nuts feelings remind butt feels hearts firmly cares sees
2024-11-12 17:57:59,877 - INFO - Topic 19: islamic islam muslim muslims tourist waco davidians servicing terrorist escaped stratus toxic knock davidian cunixbcccolumbiaedu
2024-11-12 17:57:59,878 - INFO - Topic 20: pitching batting pitched pitches walks outs morris fischer fame nichols wins seasons season giants stadium
2024-11-12 17:57:59,880 - INFO - Topic 21: battery batteries quadra noisy reagan abortion howard cleansing racist occupation occupied electric nazis ira valve
2024-11-12 17:57:59,881 - INFO - Topic 22: kurds serdar homeland massacres turkey villages armenia turkish armenians azerbaijan participated armenian greece empire ethnic
2024-11-12 17:57:59,882 - INFO - Topic 23: icon window windows openwindows motif xterm bmp dos sparc server sunos clients client edit displaying
2024-11-12 17:57:59,883 - INFO - Topic 24: simms simm eisa iisi motherboard com isa ports ram ethernet mhz cpu modem centris scsi
2024-11-12 17:57:59,885 - INFO - Topic 25: italy livni israeli bosnia suffered britain soldiers fled germans atrocities lebanon france sword survivors joined
2024-11-12 17:57:59,886 - INFO - Topic 26: msg superstition yeast diet sensitivity patients physician disease chinese symptoms cancer patient clinical stomach cure
2024-11-12 17:57:59,887 - INFO - Topic 27: jesus christ bible messiah church pope god lord holy sins spirit sin passage christs verse
2024-11-12 17:57:59,889 - INFO - Topic 28: gay diagnosed chronic neck syndrome shoulder infection treating complaining devils therapy angry cop partners champion
2024-11-12 17:57:59,890 - INFO - Topic 29: stream output widget int entry null xterm remark string file window visual exit bytes define
2024-11-12 17:57:59,891 - INFO - Topic 30: wire wires amp voltage circuit wiring ground audio discharge detector cable connected plastic circuits analog
2024-11-12 17:57:59,893 - INFO - Topic 31: tiff gregg sandvik shareware approx yugoslavia telecommunications proprietary bandwidth inputs ross iraq palestinian ltd slip
2024-11-12 17:57:59,894 - INFO - Topic 32: graphics greatly color appreciate package cliff colors screen info mouse image max comp format program
2024-11-12 17:57:59,895 - INFO - Topic 33: max cliff air greatly wondering appreciate south motorola picture arbor comp ann tony cleveland info
2024-11-12 17:57:59,896 - INFO - Topic 34: printers netherlands packages manuals custom sells kit discount hello tower shack terminal shipped processing tasks
2024-11-12 17:57:59,898 - INFO - Topic 35: fpu irq vram powerbook socket intel upgrading nyx melbourne macs floppies processor chips ama motorcycles
2024-11-12 17:57:59,899 - INFO - Topic 36: duo koresh solntzewpdsgicom cult compound clinton shaped bull canon serial cache turner cnn pit beam
2024-11-12 17:57:59,900 - INFO - Topic 37: radius width pointer convex tube bitmap min timer luis orbital curve forsale shuttle terry tavares
2024-11-12 17:57:59,902 - INFO - Topic 38: atmosphere orbit zoology observatory planetary solar spacecraft funding satellite lunar mars thermal shuttle nasa launch
2024-11-12 17:57:59,903 - INFO - Topic 39: shaft salvation massacre doctrines saint village invasion socialist fate doctrine height linked inspired lobby surrounding
2024-11-12 17:57:59,904 - INFO - Topic 40: scsi ide controller drives bios drive floppy disk isa quantum boot rom interface bus settings
2024-11-12 17:57:59,906 - INFO - Topic 41: chastity shameful intellect skepticism gordon banks surrender xxdate nuntius useragent xxmessage pittsburgh cookamunga ksand alink
2024-11-12 17:57:59,907 - INFO - Topic 42: shipping stereo speakers sony portable watts sale offer receiver recording items brand offers disks amp
2024-11-12 17:57:59,908 - INFO - Topic 43: cubs apostles theodore capitals potvin buffalo overtime leafs oilers bruins edmonton coach ncr duck penn
2024-11-12 17:57:59,909 - INFO - Topic 44: arras atf bds raid guns murders veal tennessee deaths gun landed fbi firearms blast suicide
2024-11-12 17:57:59,911 - INFO - Topic 45: insurance car saturn dealer radar presentation sports cars coverage maryland engine taylor screw june bike
2024-11-12 17:57:59,912 - INFO - Topic 46: baseball jewish joke naive players dare fuck absurd virginia trash sigh idiots trinity ridiculous idiot
2024-11-12 17:57:59,913 - INFO - Topic 47: firearms firearm militia senate findings privacy gun congress amendment weapon enforcement legislation adults crime united
2024-11-12 17:57:59,915 - INFO - Topic 48: tor bos islanders standings playoff nhl finals espn calgary hawks hockey detroit murphy winnipeg jets
2024-11-12 17:57:59,916 - INFO - Topic 49: ati vga monitor video card mouse ultra drivers vesa svga screen colors graphics color mode
2024-11-12 17:57:59,940 - INFO - TD_10: 0.89600
2024-11-12 17:57:59,942 - INFO - TD_15: 0.85600
2024-11-12 17:57:59,948 - INFO - NMI: 0.5803203754569637
2024-11-12 17:57:59,948 - INFO - Purity: 0.6363515666489644
