2024-11-12 19:36:56,520 - INFO - ===>using lr_scheduler
2024-11-12 19:57:36,117 - INFO - Topic 0: cliff wondering looking advance jeff csutexasedu helainscwruedu tony wanted chris
2024-11-12 19:57:36,119 - INFO - Topic 1: sale cds johns georgia duke rochester cancer anthony polytechnic freshman
2024-11-12 19:57:36,120 - INFO - Topic 2: foods sensitivity taste ears sox pitcher gui jake skin supplies
2024-11-12 19:57:36,122 - INFO - Topic 3: obo shipping stereo portable watts receiver sale channel condition offer
2024-11-12 19:57:36,123 - INFO - Topic 4: scsi ide controller bios drives floppy drive disk isa quantum
2024-11-12 19:57:36,125 - INFO - Topic 5: modems baud telnet dial pgp upgrade download backup static fidonet
2024-11-12 19:57:36,126 - INFO - Topic 6: theists arrogance atheism atheists belief god christianity faith beliefs bible
2024-11-12 19:57:36,128 - INFO - Topic 7: advance appreciated graphics hello looking appreciate email help australia files
2024-11-12 19:57:36,129 - INFO - Topic 8: wiring wire circuit voltage neutral cable audio circuits switches nec
2024-11-12 19:57:36,130 - INFO - Topic 9: chastity shameful intellect skepticism banks gordon msg surrender cramer optilink
2024-11-12 19:57:36,132 - INFO - Topic 10: font fonts serdar iisi imaging upgraded readme xlib vesa zip
2024-11-12 19:57:36,133 - INFO - Topic 11: escrow sternlight wiretap dorothy encryption nsa phones enforcement voluntary privacy
2024-11-12 19:57:36,135 - INFO - Topic 12: durham boots yamaha dividian covington kingston petaluma beaverton beleive maynard
2024-11-12 19:57:36,136 - INFO - Topic 13: saturn toyota car mileage ford sensor cars steering turbo exhaust
2024-11-12 19:57:36,138 - INFO - Topic 14: jpeg pub contrib output entry privacy stream int null anonymous
2024-11-12 19:57:36,139 - INFO - Topic 15: simms philadelphia dare clintons politicians peaceful newspapers sincerely initiative stockholm
2024-11-12 19:57:36,141 - INFO - Topic 16: recsporthockey puck standings nhl flyers cal maple islanders murphy leafs
2024-11-12 19:57:36,142 - INFO - Topic 17: henry zoology spencer utzoo air art magnitude keith pop calif
2024-11-12 19:57:36,143 - INFO - Topic 18: malcolm brains harris remind hearts reminds firmly hayes wishes loves
2024-11-12 19:57:36,145 - INFO - Topic 19: lebanese gaza israels palestinians israelis palestinian arabs beyer palestine israeli
2024-11-12 19:57:36,146 - INFO - Topic 20: pitchers batting pitches pitched walks giants fame braves cincinnati morris
2024-11-12 19:57:36,147 - INFO - Topic 21: motherboard battery batteries quadra reagan cleansing noisy howard racist employed
2024-11-12 19:57:36,149 - INFO - Topic 22: apostles jesus christs sins resurrection romans testament trinity scriptures prophets
2024-11-12 19:57:36,150 - INFO - Topic 23: van thursday wednesday tuesday sunday bos april monday friday saturday
2024-11-12 19:57:36,152 - INFO - Topic 24: vga monitor video vram card svga monitors colors screen color
2024-11-12 19:57:36,153 - INFO - Topic 25: livni row italy fled atrocities turks bosnia britain egypt lebanon
2024-11-12 19:57:36,154 - INFO - Topic 26: bike bikes bmw honda dod ride helmet dog oil leg
2024-11-12 19:57:36,156 - INFO - Topic 27: morality livesey cookamunga odwyer gregg tourist species ksand alink islam
2024-11-12 19:57:36,157 - INFO - Topic 28: neck gay chronic diagnosed syndrome partners therapy shoulder devils treating
2024-11-12 19:57:36,158 - INFO - Topic 29: advance appreciated email hello internet appreciate looking thanx thanks australia
2024-11-12 19:57:36,160 - INFO - Topic 30: max cliff mailing air vax tony csutexasedu email newsgroup helainscwruedu
2024-11-12 19:57:36,161 - INFO - Topic 31: lane wheels steering radar detectors levine drinking roads bike helmet
2024-11-12 19:57:36,162 - INFO - Topic 32: advance appreciated email hello internet looking thanx appreciate thanks wondering
2024-11-12 19:57:36,164 - INFO - Topic 33: lib xterm widget window motif visual app resource contrib dialog
2024-11-12 19:57:36,166 - INFO - Topic 34: printers packages sells kit custom tower discount processing greek manuals
2024-11-12 19:57:36,167 - INFO - Topic 35: fpu irq bullets intel motorcycle powerbook socket nyx motorcycles macs
2024-11-12 19:57:36,168 - INFO - Topic 36: duo koresh turner abc serial cult bull cache shaped revelation
2024-11-12 19:57:36,170 - INFO - Topic 37: radius tube timer bitmap width luis orbital telescope forsale pointer
2024-11-12 19:57:36,171 - INFO - Topic 38: militia firearms amendment veal gun crimes weapons deaths guns constitution
2024-11-12 19:57:36,172 - INFO - Topic 39: massacre stadium village saint fate girls surrounding doctrines invasion salvation
2024-11-12 19:57:36,173 - INFO - Topic 40: simm dos com port ethernet modem ram norton swap eisa
2024-11-12 19:57:36,175 - INFO - Topic 41: advance appreciated looking hello appreciate thanx email wondering thanks internet
2024-11-12 19:57:36,176 - INFO - Topic 42: missions satellites jpl atmosphere shuttle lunar mission orbit satellite spacecraft
2024-11-12 19:57:36,177 - INFO - Topic 43: suck captain espn traded cubs pens olchowy hockey gerald nhl
2024-11-12 19:57:36,179 - INFO - Topic 44: armenians azerbaijan armenian father daughter serbs armenia burned davidian crowd
2024-11-12 19:57:36,180 - INFO - Topic 45: june presentation greece maryland manufactured propulsion ports abstract sports detector
2024-11-12 19:57:36,181 - INFO - Topic 46: atf arras rocketswstratuscom davidians raid fbi waco murders tear witnesses
2024-11-12 19:57:36,183 - INFO - Topic 47: ohanus appressian anatolia extermination argic homeland greeks massacres proceeded turkish
2024-11-12 19:57:36,184 - INFO - Topic 48: bmp logo windows tiff postscript shareware icon dos sparc jpeg
2024-11-12 19:57:36,185 - INFO - Topic 49: existance inclined contradict sacrifice orthodox christians pope likewise insane judaism
2024-11-12 19:57:36,192 - INFO - Topic 0: cliff wondering looking advance jeff csutexasedu helainscwruedu tony wanted chris appreciated appreciate hello thanx max
2024-11-12 19:57:36,194 - INFO - Topic 1: sale cds johns georgia duke rochester cancer anthony polytechnic freshman yale louisiana carnegie gardner harvard
2024-11-12 19:57:36,195 - INFO - Topic 2: foods sensitivity taste ears sox pitcher gui jake skin supplies locks pitching usable adjust strikes
2024-11-12 19:57:36,196 - INFO - Topic 3: obo shipping stereo portable watts receiver sale channel condition offer items buyer printer sony laser
2024-11-12 19:57:36,198 - INFO - Topic 4: scsi ide controller bios drives floppy drive disk isa quantum boot interface bus sec jumper
2024-11-12 19:57:36,199 - INFO - Topic 5: modems baud telnet dial pgp upgrade download backup static fidonet repost copying voting warranty swiss
2024-11-12 19:57:36,200 - INFO - Topic 6: theists arrogance atheism atheists belief god christianity faith beliefs bible benedikt gods religions religion evolution
2024-11-12 19:57:36,202 - INFO - Topic 7: advance appreciated graphics hello looking appreciate email help australia files greatly thanx ftp thanks internet
2024-11-12 19:57:36,203 - INFO - Topic 8: wiring wire circuit voltage neutral cable audio circuits switches nec receiver ground water hook plastic
2024-11-12 19:57:36,204 - INFO - Topic 9: chastity shameful intellect skepticism banks gordon msg surrender cramer optilink clayton patients chinese diet blood
2024-11-12 19:57:36,206 - INFO - Topic 10: font fonts serdar iisi imaging upgraded readme xlib vesa zip libraries omissions tickets hst xview
2024-11-12 19:57:36,207 - INFO - Topic 11: escrow sternlight wiretap dorothy encryption nsa phones enforcement voluntary privacy clipper secure cryptography des agencies
2024-11-12 19:57:36,208 - INFO - Topic 12: durham boots yamaha dividian covington kingston petaluma beaverton beleive maynard oak koreshs desert babies victoria
2024-11-12 19:57:36,210 - INFO - Topic 13: saturn toyota car mileage ford sensor cars steering turbo exhaust dealer wheels engine reliability maintenance
2024-11-12 19:57:36,211 - INFO - Topic 14: jpeg pub contrib output entry privacy stream int null anonymous file scicrypt remark formats exportlcsmitedu
2024-11-12 19:57:36,212 - INFO - Topic 15: simms philadelphia dare clintons politicians peaceful newspapers sincerely initiative stockholm blast sadly kurds bills bureau
2024-11-12 19:57:36,214 - INFO - Topic 16: recsporthockey puck standings nhl flyers cal maple islanders murphy leafs calgary que hawks hockey season
2024-11-12 19:57:36,215 - INFO - Topic 17: henry zoology spencer utzoo air art magnitude keith pop calif appears apologies locate belongs amongst
2024-11-12 19:57:36,217 - INFO - Topic 18: malcolm brains harris remind hearts reminds firmly hayes wishes loves dreams warm nuts feelings loose
2024-11-12 19:57:36,218 - INFO - Topic 19: lebanese gaza israels palestinians israelis palestinian arabs beyer palestine israeli arab israel redundancy territories gulf
2024-11-12 19:57:36,219 - INFO - Topic 20: pitchers batting pitches pitched walks giants fame braves cincinnati morris seasons outs innings season yankees
2024-11-12 19:57:36,221 - INFO - Topic 21: motherboard battery batteries quadra reagan cleansing noisy howard racist employed fascist occupation election planets abortion
2024-11-12 19:57:36,222 - INFO - Topic 22: apostles jesus christs sins resurrection romans testament trinity scriptures prophets spirit clh sin blessed god
2024-11-12 19:57:36,223 - INFO - Topic 23: van thursday wednesday tuesday sunday bos april monday friday saturday nights votes lobby supporters kelly
2024-11-12 19:57:36,224 - INFO - Topic 24: vga monitor video vram card svga monitors colors screen color mode ati windows gateway diamond
2024-11-12 19:57:36,226 - INFO - Topic 25: livni row italy fled atrocities turks bosnia britain egypt lebanon suffered minister germans condemned recognition
2024-11-12 19:57:36,227 - INFO - Topic 26: bike bikes bmw honda dod ride helmet dog oil leg passenger lock wheel drink rear
2024-11-12 19:57:36,228 - INFO - Topic 27: morality livesey cookamunga odwyer gregg tourist species ksand alink islam moral homosexuals objective islamic sandvik
2024-11-12 19:57:36,230 - INFO - Topic 28: neck gay chronic diagnosed syndrome partners therapy shoulder devils treating infection riders male bars complaining
2024-11-12 19:57:36,231 - INFO - Topic 29: advance appreciated email hello internet appreciate looking thanx thanks australia greatly wondering csutexasedu tel compuserve
2024-11-12 19:57:36,232 - INFO - Topic 30: max cliff mailing air vax tony csutexasedu email newsgroup helainscwruedu internet south address jonathan virginia
2024-11-12 19:57:36,234 - INFO - Topic 31: lane wheels steering radar detectors levine drinking roads bike helmet dogs auto gun safety exhaust
2024-11-12 19:57:36,235 - INFO - Topic 32: advance appreciated email hello internet looking thanx appreciate thanks wondering engineering australia greatly csutexasedu compuserve
2024-11-12 19:57:36,236 - INFO - Topic 33: lib xterm widget window motif visual app resource contrib dialog clients client toolkit openwindows server
2024-11-12 19:57:36,238 - INFO - Topic 34: printers packages sells kit custom tower discount processing greek manuals shipped shack netherlands alpha tape
2024-11-12 19:57:36,239 - INFO - Topic 35: fpu irq bullets intel motorcycle powerbook socket nyx motorcycles macs upgrading amiga floppies ama rgb
2024-11-12 19:57:36,240 - INFO - Topic 36: duo koresh turner abc serial cult bull cache shaped revelation sutherland herein clarke cnn solntzewpdsgicom
2024-11-12 19:57:36,242 - INFO - Topic 37: radius tube timer bitmap width luis orbital telescope forsale pointer curve convex slots gravity hitter
2024-11-12 19:57:36,243 - INFO - Topic 38: militia firearms amendment veal gun crimes weapons deaths guns constitution weapon violent crime arms tennessee
2024-11-12 19:57:36,244 - INFO - Topic 39: massacre stadium village saint fate girls surrounding doctrines invasion salvation inspired socialist doctrine chen spiritual
2024-11-12 19:57:36,246 - INFO - Topic 40: simm dos com port ethernet modem ram norton swap eisa lciii scsi cpu megs interrupt
2024-11-12 19:57:36,247 - INFO - Topic 41: advance appreciated looking hello appreciate thanx email wondering thanks internet greatly csutexasedu engineering cliff comp
2024-11-12 19:57:36,248 - INFO - Topic 42: missions satellites jpl atmosphere shuttle lunar mission orbit satellite spacecraft solar planetary mars centers delta
2024-11-12 19:57:36,250 - INFO - Topic 43: suck captain espn traded cubs pens olchowy hockey gerald nhl penguins jets baseball players rangers
2024-11-12 19:57:36,251 - INFO - Topic 44: armenians azerbaijan armenian father daughter serbs armenia burned davidian crowd president troops woman wounded administration
2024-11-12 19:57:36,252 - INFO - Topic 45: june presentation greece maryland manufactured propulsion ports abstract sports detector taylor acceptance roger begun brand
2024-11-12 19:57:36,254 - INFO - Topic 46: atf arras rocketswstratuscom davidians raid fbi waco murders tear witnesses escaped suicide slaughter landed agents
2024-11-12 19:57:36,255 - INFO - Topic 47: ohanus appressian anatolia extermination argic homeland greeks massacres proceeded turkish turkey armenia villages empire armenians
2024-11-12 19:57:36,256 - INFO - Topic 48: bmp logo windows tiff postscript shareware icon dos sparc jpeg edit displaying openwindows formats adobe
2024-11-12 19:57:36,258 - INFO - Topic 49: existance inclined contradict sacrifice orthodox christians pope likewise insane judaism fallen ultimately messiah christ believers
2024-11-12 19:57:36,267 - INFO - TD_10: 0.86200
2024-11-12 19:57:36,269 - INFO - TD_15: 0.84133
2024-11-12 19:57:36,277 - INFO - NMI: 0.5623511026805895
2024-11-12 19:57:36,277 - INFO - Purity: 0.6120552310143388
2024-11-12 19:59:02,312 - INFO - TC_15: 0.41744
2024-11-12 19:59:02,313 - INFO - TC_15 list: [0.29379, 0.44655, 0.45718, 0.40513, 0.51346, 0.53898, 0.37572, 0.32263, 0.33415, 0.48297, 0.35941, 0.52559, 0.43367, 0.35575, 0.3826, 0.51287, 0.49265, 0.29316, 0.34969, 0.69565, 0.39302, 0.50054, 0.43516, 0.42856, 0.46514, 0.29161, 0.44361, 0.37487, 0.36514, 0.31375, 0.39975, 0.24601, 0.34219, 0.45239, 0.4415, 0.50128, 0.48379, 0.52558, 0.41501, 0.37799, 0.45501, 0.3325, 0.49605, 0.51394, 0.3339, 0.37066, 0.37775, 0.36816, 0.4631, 0.3926]
