2024-11-12 19:14:24,273 - INFO - ===>using lr_scheduler
2024-11-12 19:35:11,712 - INFO - Topic 0: dos windows bmp norton icons microsoft mouse desktop swap novell
2024-11-12 19:35:11,714 - INFO - Topic 1: georgia duke polytechnic rochester johns harvard champaign louisiana yale fairbanks
2024-11-12 19:35:11,716 - INFO - Topic 2: ted theodore humor joke tony cleveland jason funny reserve curious
2024-11-12 19:35:11,717 - INFO - Topic 3: contrib motif jpeg image pub widgets routines server platforms gui
2024-11-12 19:35:11,718 - INFO - Topic 4: wondering appreciate tony austin purdue info buying greatly thank rutgers
2024-11-12 19:35:11,720 - INFO - Topic 5: beast telnet advance appreciated thanks summarize fidonet repost baud modems
2024-11-12 19:35:11,721 - INFO - Topic 6: lebanese kurds sahak anatolia israels palestine occupation homeland palestinians andi
2024-11-12 19:35:11,723 - INFO - Topic 7: cell atf kenneth gerald simm eisa anderson nichols raid wings
2024-11-12 19:35:11,724 - INFO - Topic 8: radar detector detectors antenna drive steering speed angle observations inherent
2024-11-12 19:35:11,726 - INFO - Topic 9: atheism religion islam atheist christianity religions atheists christians judaism christian
2024-11-12 19:35:11,727 - INFO - Topic 10: font fonts lib iisi tickets catholic ticket hst zip upgraded
2024-11-12 19:35:11,728 - INFO - Topic 11: escrow wiretap encrypted dorothy phones secure des encryption voluntary initiative
2024-11-12 19:35:11,730 - INFO - Topic 12: dividian durham boots oak yamaha bikes kingston babies beleive desert
2024-11-12 19:35:11,731 - INFO - Topic 13: printer walker phillies burns wash tapped jay grateful yankees curtis
2024-11-12 19:35:11,732 - INFO - Topic 14: serbs president senate administration congress reform presidents government russia russian
2024-11-12 19:35:11,734 - INFO - Topic 15: riders dog motorcycle passenger lane bike rear brakes tire tires
2024-11-12 19:35:11,735 - INFO - Topic 16: launched propulsion spacecraft satellite solar orbit planetary moon launch mars
2024-11-12 19:35:11,737 - INFO - Topic 17: msg insurance oil bmw honda bike chinese food miles car
2024-11-12 19:35:11,738 - INFO - Topic 18: graphics version info appreciate wondering package tony image newsgroup greatly
2024-11-12 19:35:11,740 - INFO - Topic 19: islamic muslim muslims tourist davidians servicing escaped extermination terrorist slaughter
2024-11-12 19:35:11,741 - INFO - Topic 20: pitching innings pitches braves sox cubs jays pitcher batting mets
2024-11-12 19:35:11,743 - INFO - Topic 21: cramer morality schneider clayton objective livesey homosexuals gay consent orientation
2024-11-12 19:35:11,744 - INFO - Topic 22: church christians faith belief orthodox trinity bible god biblical testament
2024-11-12 19:35:11,745 - INFO - Topic 23: max cliff tires valve toyota rear brakes automotive tire motorcycles
2024-11-12 19:35:11,747 - INFO - Topic 24: ati vga diamond card video monitor svga drivers ultra vram
2024-11-12 19:35:11,748 - INFO - Topic 25: livni lebanon row atrocities fled italy bosnia soldiers suffered egypt
2024-11-12 19:35:11,750 - INFO - Topic 26: captain toal exhaust rushdie lock sucks derek armenia chest sunos
2024-11-12 19:35:11,751 - INFO - Topic 27: openwindows sparc processors reactions truth insight workstation clients believer extensions
2024-11-12 19:35:11,753 - INFO - Topic 28: wiring wires amp voltage neutral cable circuit ground wire water
2024-11-12 19:35:11,754 - INFO - Topic 29: output max stream entry null file files remark string int
2024-11-12 19:35:11,755 - INFO - Topic 30: cleveland tony wondering kevin purdue sports austin ted rutgers reserve
2024-11-12 19:35:11,757 - INFO - Topic 31: tiff gregg compression shareware sandvik palestinian inputs telecommunications approx proprietary
2024-11-12 19:35:11,758 - INFO - Topic 32: clipper sessions crypto key athens federal cryptography proposal online nsa
2024-11-12 19:35:11,760 - INFO - Topic 33: window motif widgets dialog client display server contrib widget null
2024-11-12 19:35:11,761 - INFO - Topic 34: sale cds shipping manuals selling price offer sells greek kit
2024-11-12 19:35:11,762 - INFO - Topic 35: tony cleveland wondering appreciate newsgroup purdue rutgers carnegie kevin reserve
2024-11-12 19:35:11,764 - INFO - Topic 36: traded koresh abc cult compound bull clinton revelation cnn solntzewpdsgicom
2024-11-12 19:35:11,765 - INFO - Topic 37: radius orbit tube orbital luis forsale timer curve bitmap convex
2024-11-12 19:35:11,767 - INFO - Topic 38: privacy anonymous eff pub networks centers conference requests health file
2024-11-12 19:35:11,768 - INFO - Topic 39: shaft stadium massacre saint village fate girls inspired doctrines invasion
2024-11-12 19:35:11,769 - INFO - Topic 40: scsi ide controller bios drives floppy isa disk slave boot
2024-11-12 19:35:11,771 - INFO - Topic 41: gordon banks cookamunga ksand xxdate alink nuntius useragent xxmessage logo
2024-11-12 19:35:11,772 - INFO - Topic 42: simms fpu irq duo motherboard ethernet ports modem quadra com
2024-11-12 19:35:11,774 - INFO - Topic 43: bos det tor pit que min cal pitt suck espn
2024-11-12 19:35:11,775 - INFO - Topic 44: militia rifles handguns amendment firearms weapons deaths grenades assault guns
2024-11-12 19:35:11,776 - INFO - Topic 45: obo stereo speakers sony channel disks amp shipping sale brand
2024-11-12 19:35:11,778 - INFO - Topic 46: chastity shameful intellect skepticism foods physician diet diagnosed sensitivity chronic
2024-11-12 19:35:11,779 - INFO - Topic 47: armenians armenian azerbaijan turkish turkey troops neighbors batf father daughter
2024-11-12 19:35:11,781 - INFO - Topic 48: nhl leafs calgary sabres flyers puck sharks oilers playoffs season
2024-11-12 19:35:11,782 - INFO - Topic 49: jesus christ god sins messiah heaven eternal bible faith sin
2024-11-12 19:35:11,788 - INFO - Topic 0: dos windows bmp norton icons microsoft mouse desktop swap novell icon crashes screens delete download
2024-11-12 19:35:11,790 - INFO - Topic 1: georgia duke polytechnic rochester johns harvard champaign louisiana yale fairbanks nixon anthony mary freshman gardner
2024-11-12 19:35:11,791 - INFO - Topic 2: ted theodore humor joke tony cleveland jason funny reserve curious sports austin hey bob kids
2024-11-12 19:35:11,793 - INFO - Topic 3: contrib motif jpeg image pub widgets routines server platforms gui display ftp programmers amiga graphics
2024-11-12 19:35:11,794 - INFO - Topic 4: wondering appreciate tony austin purdue info buying greatly thank rutgers cleveland replies reserve chen newsgroup
2024-11-12 19:35:11,795 - INFO - Topic 5: beast telnet advance appreciated thanks summarize fidonet repost baud modems swiss dial fax switzerland preference
2024-11-12 19:35:11,797 - INFO - Topic 6: lebanese kurds sahak anatolia israels palestine occupation homeland palestinians andi turkish israelis serdar arabs cleansing
2024-11-12 19:35:11,798 - INFO - Topic 7: cell atf kenneth gerald simm eisa anderson nichols raid wings temp austria beyer dis volunteer
2024-11-12 19:35:11,800 - INFO - Topic 8: radar detector detectors antenna drive steering speed angle observations inherent band suggesting technique phenomenon sized
2024-11-12 19:35:11,801 - INFO - Topic 9: atheism religion islam atheist christianity religions atheists christians judaism christian jews benedikt malcolm beliefs belief
2024-11-12 19:35:11,802 - INFO - Topic 10: font fonts lib iisi tickets catholic ticket hst zip upgraded gamma imaging libraries alt readme
2024-11-12 19:35:11,804 - INFO - Topic 11: escrow wiretap encrypted dorothy phones secure des encryption voluntary initiative agencies keys clipper privacy chip
2024-11-12 19:35:11,805 - INFO - Topic 12: dividian durham boots oak yamaha bikes kingston babies beleive desert koreshs beaverton victoria petaluma thompson
2024-11-12 19:35:11,806 - INFO - Topic 13: printer walker phillies burns wash tapped jay grateful yankees curtis brookline rangers stevens pissed joy
2024-11-12 19:35:11,808 - INFO - Topic 14: serbs president senate administration congress reform presidents government russia russian health jobs democratic billion democracy
2024-11-12 19:35:11,809 - INFO - Topic 15: riders dog motorcycle passenger lane bike rear brakes tire tires wheel lean cop wheels motorcycles
2024-11-12 19:35:11,810 - INFO - Topic 16: launched propulsion spacecraft satellite solar orbit planetary moon launch mars observatory lunar spencer space shuttle
2024-11-12 19:35:11,812 - INFO - Topic 17: msg insurance oil bmw honda bike chinese food miles car engine helmet dod priced pop
2024-11-12 19:35:11,813 - INFO - Topic 18: graphics version info appreciate wondering package tony image newsgroup greatly viewer thanks thank ftp replies
2024-11-12 19:35:11,815 - INFO - Topic 19: islamic muslim muslims tourist davidians servicing escaped extermination terrorist slaughter disaster waco stratus torture davidian
2024-11-12 19:35:11,816 - INFO - Topic 20: pitching innings pitches braves sox cubs jays pitcher batting mets players wins morris season baseball
2024-11-12 19:35:11,817 - INFO - Topic 21: cramer morality schneider clayton objective livesey homosexuals gay consent orientation sexual species partners atheists morals
2024-11-12 19:35:11,819 - INFO - Topic 22: church christians faith belief orthodox trinity bible god biblical testament jesus passages contradictory spirit holy
2024-11-12 19:35:11,820 - INFO - Topic 23: max cliff tires valve toyota rear brakes automotive tire motorcycles wheels corners wheel ford cars
2024-11-12 19:35:11,821 - INFO - Topic 24: ati vga diamond card video monitor svga drivers ultra vram mouse monitors vlb driver colors
2024-11-12 19:35:11,823 - INFO - Topic 25: livni lebanon row atrocities fled italy bosnia soldiers suffered egypt minister won crimes sword condemned
2024-11-12 19:35:11,824 - INFO - Topic 26: captain toal exhaust rushdie lock sucks derek armenia chest sunos stomach rosenau tolerance elias tricks
2024-11-12 19:35:11,826 - INFO - Topic 27: openwindows sparc processors reactions truth insight workstation clients believer extensions utterly focus consequences chemical architecture
2024-11-12 19:35:11,827 - INFO - Topic 28: wiring wires amp voltage neutral cable circuit ground wire water switches analog circuits plastic fuel
2024-11-12 19:35:11,828 - INFO - Topic 29: output max stream entry null file files remark string int byte bytes program guidelines input
2024-11-12 19:35:11,830 - INFO - Topic 30: cleveland tony wondering kevin purdue sports austin ted rutgers reserve carnegie texas humor theodore jason
2024-11-12 19:35:11,831 - INFO - Topic 31: tiff gregg compression shareware sandvik palestinian inputs telecommunications approx proprietary bandwidth industrial yugoslavia algorithm iraq
2024-11-12 19:35:11,832 - INFO - Topic 32: clipper sessions crypto key athens federal cryptography proposal online nsa communication owns private policy virginia
2024-11-12 19:35:11,834 - INFO - Topic 33: window motif widgets dialog client display server contrib widget null icon string default cursor menu
2024-11-12 19:35:11,835 - INFO - Topic 34: sale cds shipping manuals selling price offer sells greek kit shipped discount custom packages netherlands
2024-11-12 19:35:11,836 - INFO - Topic 35: tony cleveland wondering appreciate newsgroup purdue rutgers carnegie kevin reserve thank ted austin info post
2024-11-12 19:35:11,838 - INFO - Topic 36: traded koresh abc cult compound bull clinton revelation cnn solntzewpdsgicom shaped turner denning sutherland luke
2024-11-12 19:35:11,839 - INFO - Topic 37: radius orbit tube orbital luis forsale timer curve bitmap convex audio map gravity width hitter
2024-11-12 19:35:11,840 - INFO - Topic 38: privacy anonymous eff pub networks centers conference requests health file congress ftp united addresses professor
2024-11-12 19:35:11,842 - INFO - Topic 39: shaft stadium massacre saint village fate girls inspired doctrines invasion surrounding spiritual lake socialist ride
2024-11-12 19:35:11,843 - INFO - Topic 40: scsi ide controller bios drives floppy isa disk slave boot quantum rom bus drive interface
2024-11-12 19:35:11,845 - INFO - Topic 41: gordon banks cookamunga ksand xxdate alink nuntius useragent xxmessage logo postscript xterm csutexasedu mon married
2024-11-12 19:35:11,846 - INFO - Topic 42: simms fpu irq duo motherboard ethernet ports modem quadra com centris port powerbook vram apple
2024-11-12 19:35:11,847 - INFO - Topic 43: bos det tor pit que min cal pitt suck espn cubs playoff devils champs finals
2024-11-12 19:35:11,849 - INFO - Topic 44: militia rifles handguns amendment firearms weapons deaths grenades assault guns hunting violent criminals crime nra
2024-11-12 19:35:11,850 - INFO - Topic 45: obo stereo speakers sony channel disks amp shipping sale brand receiver warranty items art portable
2024-11-12 19:35:11,852 - INFO - Topic 46: chastity shameful intellect skepticism foods physician diet diagnosed sensitivity chronic infection syndrome patients surrender therapy
2024-11-12 19:35:11,853 - INFO - Topic 47: armenians armenian azerbaijan turkish turkey troops neighbors batf father daughter serdar murdered bullets arras murders
2024-11-12 19:35:11,854 - INFO - Topic 48: nhl leafs calgary sabres flyers puck sharks oilers playoffs season edmonton hockey devils bruins hawks
2024-11-12 19:35:11,856 - INFO - Topic 49: jesus christ god sins messiah heaven eternal bible faith sin lord romans testament christians christs
2024-11-12 19:35:11,864 - INFO - TD_10: 0.84000
2024-11-12 19:35:11,866 - INFO - TD_15: 0.79467
2024-11-12 19:35:11,873 - INFO - NMI: 0.5570447511644102
2024-11-12 19:35:11,874 - INFO - Purity: 0.6031598513011153
2024-11-12 19:36:39,584 - INFO - TC_15: 0.44463
2024-11-12 19:36:39,584 - INFO - TC_15 list: [0.46574, 0.41589, 0.37873, 0.40856, 0.36167, 0.50934, 0.59462, 0.57812, 0.35924, 0.48649, 0.46942, 0.53805, 0.425, 0.4769, 0.33759, 0.3147, 0.52603, 0.43543, 0.30771, 0.45559, 0.59453, 0.38466, 0.47226, 0.38611, 0.46776, 0.32562, 0.59509, 0.27571, 0.37296, 0.45271, 0.35689, 0.66691, 0.46258, 0.45543, 0.39911, 0.39066, 0.51149, 0.49043, 0.44224, 0.3745, 0.50019, 0.25538, 0.51267, 0.52709, 0.31473, 0.42223, 0.53644, 0.44201, 0.48364, 0.51469]
